{"C:\\Users\\sharo\\ghq\\github.com\\sharo-jef\\minecraft-wiki-mcp\\src\\test-utils.ts": {"path":"C:\\Users\\sharo\\ghq\\github.com\\sharo-jef\\minecraft-wiki-mcp\\src\\test-utils.ts","statementMap":{"0":{"start":{"line":8,"column":21},"end":{"line":8,"column":null}},"1":{"start":{"line":9,"column":1},"end":{"line":11,"column":null}},"2":{"start":{"line":10,"column":2},"end":{"line":10,"column":null}},"3":{"start":{"line":12,"column":1},"end":{"line":16,"column":null}},"4":{"start":{"line":13,"column":2},"end":{"line":15,"column":null}},"5":{"start":{"line":17,"column":1},"end":{"line":17,"column":null}}},"fnMap":{"0":{"name":"getTextContent","decl":{"start":{"line":7,"column":16},"end":{"line":7,"column":31}},"loc":{"start":{"line":7,"column":74},"end":{"line":18,"column":null}},"line":7}},"branchMap":{"0":{"loc":{"start":{"line":7,"column":55},"end":{"line":7,"column":74}},"type":"default-arg","locations":[{"start":{"line":7,"column":63},"end":{"line":7,"column":74}}],"line":7},"1":{"loc":{"start":{"line":9,"column":1},"end":{"line":11,"column":null}},"type":"if","locations":[{"start":{"line":9,"column":1},"end":{"line":11,"column":null}},{"start":{},"end":{}}],"line":9},"2":{"loc":{"start":{"line":12,"column":1},"end":{"line":16,"column":null}},"type":"if","locations":[{"start":{"line":12,"column":1},"end":{"line":16,"column":null}},{"start":{},"end":{}}],"line":12}},"s":{"0":61,"1":61,"2":0,"3":61,"4":0,"5":61},"f":{"0":61},"b":{"0":[61],"1":[0,61],"2":[0,61]},"meta":{"lastBranch":3,"lastFunction":1,"lastStatement":6,"seen":{"f:7:16:7:31":0,"b:7:63:7:74":0,"s:8:21:8:Infinity":0,"b:9:1:11:Infinity:undefined:undefined:undefined:undefined":1,"s:9:1:11:Infinity":1,"s:10:2:10:Infinity":2,"b:12:1:16:Infinity:undefined:undefined:undefined:undefined":2,"s:12:1:16:Infinity":3,"s:13:2:15:Infinity":4,"s:17:1:17:Infinity":5}}}
,"C:\\Users\\sharo\\ghq\\github.com\\sharo-jef\\minecraft-wiki-mcp\\src\\types.ts": {"path":"C:\\Users\\sharo\\ghq\\github.com\\sharo-jef\\minecraft-wiki-mcp\\src\\types.ts","statementMap":{"0":{"start":{"line":22,"column":26},"end":{"line":22,"column":null}},"1":{"start":{"line":23,"column":30},"end":{"line":23,"column":null}},"2":{"start":{"line":25,"column":1},"end":{"line":28,"column":null}},"3":{"start":{"line":34,"column":2},"end":{"line":36,"column":null}},"4":{"start":{"line":37,"column":2},"end":{"line":37,"column":null}},"5":{"start":{"line":103,"column":2},"end":{"line":103,"column":null}},"6":{"start":{"line":100,"column":9},"end":{"line":100,"column":null}},"7":{"start":{"line":101,"column":9},"end":{"line":101,"column":null}},"8":{"start":{"line":104,"column":2},"end":{"line":104,"column":null}},"9":{"start":{"line":110,"column":2},"end":{"line":110,"column":null}},"10":{"start":{"line":111,"column":2},"end":{"line":111,"column":null}},"11":{"start":{"line":117,"column":2},"end":{"line":117,"column":null}},"12":{"start":{"line":118,"column":2},"end":{"line":118,"column":null}}},"fnMap":{"0":{"name":"isValidNamespace","decl":{"start":{"line":17,"column":16},"end":{"line":17,"column":33}},"loc":{"start":{"line":17,"column":61},"end":{"line":30,"column":null}},"line":17},"1":{"name":"(anonymous_1)","decl":{"start":{"line":33,"column":1},"end":{"line":33,"column":13}},"loc":{"start":{"line":33,"column":32},"end":{"line":38,"column":null}},"line":33},"2":{"name":"(anonymous_2)","decl":{"start":{"line":98,"column":1},"end":{"line":98,"column":null}},"loc":{"start":{"line":102,"column":3},"end":{"line":105,"column":null}},"line":102},"3":{"name":"(anonymous_3)","decl":{"start":{"line":109,"column":1},"end":{"line":109,"column":13}},"loc":{"start":{"line":109,"column":30},"end":{"line":112,"column":null}},"line":109},"4":{"name":"(anonymous_4)","decl":{"start":{"line":116,"column":1},"end":{"line":116,"column":13}},"loc":{"start":{"line":116,"column":28},"end":{"line":119,"column":null}},"line":116}},"branchMap":{"0":{"loc":{"start":{"line":26,"column":2},"end":{"line":28,"column":null}},"type":"binary-expr","locations":[{"start":{"line":26,"column":2},"end":{"line":26,"column":null}},{"start":{"line":27,"column":2},"end":{"line":27,"column":null}},{"start":{"line":28,"column":2},"end":{"line":28,"column":null}}],"line":26}},"s":{"0":20,"1":20,"2":20,"3":1,"4":1,"5":4,"6":4,"7":4,"8":4,"9":1,"10":1,"11":3,"12":3},"f":{"0":20,"1":1,"2":4,"3":1,"4":3},"b":{"0":[20,19,11]},"meta":{"lastBranch":1,"lastFunction":5,"lastStatement":13,"seen":{"f:17:16:17:33":0,"s:22:26:22:Infinity":0,"s:23:30:23:Infinity":1,"s:25:1:28:Infinity":2,"b:26:2:26:Infinity:27:2:27:Infinity:28:2:28:Infinity":0,"f:33:1:33:13":1,"s:34:2:36:Infinity":3,"s:37:2:37:Infinity":4,"f:98:1:98:Infinity":2,"s:103:2:103:Infinity":5,"s:100:9:100:Infinity":6,"s:101:9:101:Infinity":7,"s:104:2:104:Infinity":8,"f:109:1:109:13":3,"s:110:2:110:Infinity":9,"s:111:2:111:Infinity":10,"f:116:1:116:13":4,"s:117:2:117:Infinity":11,"s:118:2:118:Infinity":12}}}
,"C:\\Users\\sharo\\ghq\\github.com\\sharo-jef\\minecraft-wiki-mcp\\src\\api\\mediawiki.ts": {"path":"C:\\Users\\sharo\\ghq\\github.com\\sharo-jef\\minecraft-wiki-mcp\\src\\api\\mediawiki.ts","statementMap":{"0":{"start":{"line":3,"column":22},"end":{"line":3,"column":null}},"1":{"start":{"line":4,"column":28},"end":{"line":4,"column":null}},"2":{"start":{"line":5,"column":31},"end":{"line":5,"column":null}},"3":{"start":{"line":17,"column":1},"end":{"line":17,"column":null}},"4":{"start":{"line":17,"column":33},"end":{"line":17,"column":56}},"5":{"start":{"line":21,"column":1},"end":{"line":21,"column":null}},"6":{"start":{"line":31,"column":5},"end":{"line":31,"column":null}},"7":{"start":{"line":33,"column":23},"end":{"line":36,"column":null}},"8":{"start":{"line":38,"column":19},"end":{"line":38,"column":null}},"9":{"start":{"line":40,"column":45},"end":{"line":40,"column":null}},"10":{"start":{"line":41,"column":1},"end":{"line":45,"column":null}},"11":{"start":{"line":42,"column":2},"end":{"line":44,"column":null}},"12":{"start":{"line":43,"column":3},"end":{"line":43,"column":null}},"13":{"start":{"line":47,"column":21},"end":{"line":47,"column":null}},"14":{"start":{"line":48,"column":13},"end":{"line":48,"column":null}},"15":{"start":{"line":50,"column":31},"end":{"line":50,"column":null}},"16":{"start":{"line":52,"column":1},"end":{"line":101,"column":null}},"17":{"start":{"line":52,"column":20},"end":{"line":52,"column":23}},"18":{"start":{"line":53,"column":2},"end":{"line":100,"column":null}},"19":{"start":{"line":54,"column":20},"end":{"line":54,"column":null}},"20":{"start":{"line":56,"column":3},"end":{"line":68,"column":null}},"21":{"start":{"line":57,"column":4},"end":{"line":63,"column":null}},"22":{"start":{"line":58,"column":5},"end":{"line":62,"column":null}},"23":{"start":{"line":59,"column":20},"end":{"line":59,"column":null}},"24":{"start":{"line":60,"column":6},"end":{"line":60,"column":null}},"25":{"start":{"line":61,"column":6},"end":{"line":61,"column":null}},"26":{"start":{"line":64,"column":4},"end":{"line":67,"column":null}},"27":{"start":{"line":70,"column":17},"end":{"line":70,"column":null}},"28":{"start":{"line":74,"column":3},"end":{"line":87,"column":null}},"29":{"start":{"line":75,"column":4},"end":{"line":81,"column":null}},"30":{"start":{"line":76,"column":5},"end":{"line":80,"column":null}},"31":{"start":{"line":77,"column":20},"end":{"line":77,"column":null}},"32":{"start":{"line":78,"column":6},"end":{"line":78,"column":null}},"33":{"start":{"line":79,"column":6},"end":{"line":79,"column":null}},"34":{"start":{"line":82,"column":4},"end":{"line":86,"column":null}},"35":{"start":{"line":89,"column":3},"end":{"line":89,"column":null}},"36":{"start":{"line":91,"column":3},"end":{"line":91,"column":null}},"37":{"start":{"line":92,"column":3},"end":{"line":98,"column":null}},"38":{"start":{"line":93,"column":4},"end":{"line":97,"column":null}},"39":{"start":{"line":94,"column":19},"end":{"line":94,"column":null}},"40":{"start":{"line":95,"column":5},"end":{"line":95,"column":null}},"41":{"start":{"line":96,"column":5},"end":{"line":96,"column":null}},"42":{"start":{"line":99,"column":3},"end":{"line":99,"column":null}},"43":{"start":{"line":103,"column":1},"end":{"line":103,"column":null}},"44":{"start":{"line":110,"column":15},"end":{"line":116,"column":null}},"45":{"start":{"line":122,"column":1},"end":{"line":122,"column":null}},"46":{"start":{"line":122,"column":39},"end":{"line":122,"column":46}},"47":{"start":{"line":129,"column":15},"end":{"line":135,"column":null}},"48":{"start":{"line":146,"column":15},"end":{"line":146,"column":null}},"49":{"start":{"line":147,"column":1},"end":{"line":147,"column":null}},"50":{"start":{"line":147,"column":13},"end":{"line":147,"column":null}},"51":{"start":{"line":149,"column":14},"end":{"line":149,"column":null}},"52":{"start":{"line":150,"column":19},"end":{"line":150,"column":null}},"53":{"start":{"line":151,"column":1},"end":{"line":151,"column":null}},"54":{"start":{"line":151,"column":43},"end":{"line":151,"column":null}},"55":{"start":{"line":153,"column":15},"end":{"line":153,"column":null}},"56":{"start":{"line":154,"column":15},"end":{"line":154,"column":null}},"57":{"start":{"line":156,"column":1},"end":{"line":162,"column":null}},"58":{"start":{"line":157,"column":15},"end":{"line":157,"column":null}},"59":{"start":{"line":158,"column":2},"end":{"line":161,"column":null}},"60":{"start":{"line":159,"column":3},"end":{"line":159,"column":null}},"61":{"start":{"line":160,"column":3},"end":{"line":160,"column":null}},"62":{"start":{"line":164,"column":1},"end":{"line":164,"column":null}}},"fnMap":{"0":{"name":"sleep","decl":{"start":{"line":16,"column":9},"end":{"line":16,"column":15}},"loc":{"start":{"line":16,"column":42},"end":{"line":18,"column":null}},"line":16},"1":{"name":"(anonymous_1)","decl":{"start":{"line":17,"column":20},"end":{"line":17,"column":21}},"loc":{"start":{"line":17,"column":33},"end":{"line":17,"column":56}},"line":17},"2":{"name":"isRateLimitError","decl":{"start":{"line":20,"column":9},"end":{"line":20,"column":26}},"loc":{"start":{"line":20,"column":71},"end":{"line":22,"column":null}},"line":20},"3":{"name":"callMediaWikiAPI","decl":{"start":{"line":24,"column":22},"end":{"line":24,"column":null}},"loc":{"start":{"line":27,"column":20},"end":{"line":104,"column":null}},"line":27},"4":{"name":"searchSimilarPages","decl":{"start":{"line":106,"column":22},"end":{"line":106,"column":null}},"loc":{"start":{"line":109,"column":21},"end":{"line":123,"column":null}},"line":109},"5":{"name":"(anonymous_5)","decl":{"start":{"line":122,"column":32},"end":{"line":122,"column":33}},"loc":{"start":{"line":122,"column":39},"end":{"line":122,"column":46}},"line":122},"6":{"name":"findNearestRevision","decl":{"start":{"line":125,"column":22},"end":{"line":125,"column":null}},"loc":{"start":{"line":128,"column":56},"end":{"line":165,"column":null}},"line":128}},"branchMap":{"0":{"loc":{"start":{"line":21,"column":8},"end":{"line":21,"column":null}},"type":"binary-expr","locations":[{"start":{"line":21,"column":8},"end":{"line":21,"column":26}},{"start":{"line":21,"column":26},"end":{"line":21,"column":null}}],"line":21},"1":{"loc":{"start":{"line":26,"column":1},"end":{"line":26,"column":null}},"type":"default-arg","locations":[{"start":{"line":26,"column":25},"end":{"line":26,"column":null}}],"line":26},"2":{"loc":{"start":{"line":29,"column":2},"end":{"line":29,"column":null}},"type":"default-arg","locations":[{"start":{"line":29,"column":15},"end":{"line":29,"column":null}}],"line":29},"3":{"loc":{"start":{"line":30,"column":2},"end":{"line":30,"column":null}},"type":"default-arg","locations":[{"start":{"line":30,"column":17},"end":{"line":30,"column":null}}],"line":30},"4":{"loc":{"start":{"line":42,"column":2},"end":{"line":44,"column":null}},"type":"if","locations":[{"start":{"line":42,"column":2},"end":{"line":44,"column":null}},{"start":{},"end":{}}],"line":42},"5":{"loc":{"start":{"line":56,"column":3},"end":{"line":68,"column":null}},"type":"if","locations":[{"start":{"line":56,"column":3},"end":{"line":68,"column":null}},{"start":{},"end":{}}],"line":56},"6":{"loc":{"start":{"line":57,"column":4},"end":{"line":63,"column":null}},"type":"if","locations":[{"start":{"line":57,"column":4},"end":{"line":63,"column":null}},{"start":{},"end":{}}],"line":57},"7":{"loc":{"start":{"line":58,"column":5},"end":{"line":62,"column":null}},"type":"if","locations":[{"start":{"line":58,"column":5},"end":{"line":62,"column":null}},{"start":{},"end":{}}],"line":58},"8":{"loc":{"start":{"line":74,"column":3},"end":{"line":87,"column":null}},"type":"if","locations":[{"start":{"line":74,"column":3},"end":{"line":87,"column":null}},{"start":{},"end":{}}],"line":74},"9":{"loc":{"start":{"line":75,"column":4},"end":{"line":81,"column":null}},"type":"if","locations":[{"start":{"line":75,"column":4},"end":{"line":81,"column":null}},{"start":{},"end":{}}],"line":75},"10":{"loc":{"start":{"line":76,"column":5},"end":{"line":80,"column":null}},"type":"if","locations":[{"start":{"line":76,"column":5},"end":{"line":80,"column":null}},{"start":{},"end":{}}],"line":76},"11":{"loc":{"start":{"line":91,"column":15},"end":{"line":91,"column":null}},"type":"cond-expr","locations":[{"start":{"line":91,"column":40},"end":{"line":91,"column":48}},{"start":{"line":91,"column":48},"end":{"line":91,"column":null}}],"line":91},"12":{"loc":{"start":{"line":92,"column":3},"end":{"line":98,"column":null}},"type":"if","locations":[{"start":{"line":92,"column":3},"end":{"line":98,"column":null}},{"start":{},"end":{}}],"line":92},"13":{"loc":{"start":{"line":92,"column":7},"end":{"line":92,"column":73}},"type":"binary-expr","locations":[{"start":{"line":92,"column":7},"end":{"line":92,"column":40}},{"start":{"line":92,"column":40},"end":{"line":92,"column":73}}],"line":92},"14":{"loc":{"start":{"line":93,"column":4},"end":{"line":97,"column":null}},"type":"if","locations":[{"start":{"line":93,"column":4},"end":{"line":97,"column":null}},{"start":{},"end":{}}],"line":93},"15":{"loc":{"start":{"line":103,"column":7},"end":{"line":103,"column":null}},"type":"binary-expr","locations":[{"start":{"line":103,"column":7},"end":{"line":103,"column":20}},{"start":{"line":103,"column":20},"end":{"line":103,"column":null}}],"line":103},"16":{"loc":{"start":{"line":108,"column":1},"end":{"line":108,"column":null}},"type":"default-arg","locations":[{"start":{"line":108,"column":9},"end":{"line":108,"column":null}}],"line":108},"17":{"loc":{"start":{"line":122,"column":8},"end":{"line":122,"column":null}},"type":"binary-expr","locations":[{"start":{"line":122,"column":8},"end":{"line":122,"column":51}},{"start":{"line":122,"column":51},"end":{"line":122,"column":null}}],"line":122},"18":{"loc":{"start":{"line":147,"column":1},"end":{"line":147,"column":null}},"type":"if","locations":[{"start":{"line":147,"column":1},"end":{"line":147,"column":null}},{"start":{},"end":{}}],"line":147},"19":{"loc":{"start":{"line":151,"column":1},"end":{"line":151,"column":null}},"type":"if","locations":[{"start":{"line":151,"column":1},"end":{"line":151,"column":null}},{"start":{},"end":{}}],"line":151},"20":{"loc":{"start":{"line":151,"column":5},"end":{"line":151,"column":43}},"type":"binary-expr","locations":[{"start":{"line":151,"column":5},"end":{"line":151,"column":19}},{"start":{"line":151,"column":19},"end":{"line":151,"column":43}}],"line":151},"21":{"loc":{"start":{"line":158,"column":2},"end":{"line":161,"column":null}},"type":"if","locations":[{"start":{"line":158,"column":2},"end":{"line":161,"column":null}},{"start":{},"end":{}}],"line":158}},"s":{"0":4,"1":4,"2":4,"3":4,"4":4,"5":10,"6":19,"7":19,"8":19,"9":19,"10":19,"11":104,"12":103,"13":19,"14":19,"15":19,"16":19,"17":19,"18":23,"19":23,"20":23,"21":5,"22":4,"23":3,"24":3,"25":3,"26":2,"27":18,"28":18,"29":2,"30":1,"31":1,"32":1,"33":1,"34":1,"35":16,"36":3,"37":3,"38":0,"39":0,"40":0,"41":0,"42":3,"43":0,"44":4,"45":4,"46":5,"47":6,"48":6,"49":6,"50":1,"51":5,"52":5,"53":6,"54":1,"55":4,"56":4,"57":4,"58":9,"59":9,"60":3,"61":3,"62":4},"f":{"0":4,"1":4,"2":10,"3":19,"4":4,"5":5,"6":6},"b":{"0":[10,6],"1":[19],"2":[19],"3":[19],"4":[103,1],"5":[5,18],"6":[4,1],"7":[3,1],"8":[2,16],"9":[1,1],"10":[1,0],"11":[3,0],"12":[0,3],"13":[3,3],"14":[0,0],"15":[0,0],"16":[4],"17":[4,1],"18":[1,5],"19":[1,5],"20":[6,5],"21":[3,6]},"meta":{"lastBranch":22,"lastFunction":7,"lastStatement":63,"seen":{"s:3:22:3:Infinity":0,"s:4:28:4:Infinity":1,"s:5:31:5:Infinity":2,"f:16:9:16:15":0,"s:17:1:17:Infinity":3,"f:17:20:17:21":1,"s:17:33:17:56":4,"f:20:9:20:26":2,"s:21:1:21:Infinity":5,"b:21:8:21:26:21:26:21:Infinity":0,"f:24:22:24:Infinity":3,"b:26:25:26:Infinity":1,"s:31:5:31:Infinity":6,"b:29:15:29:Infinity":2,"b:30:17:30:Infinity":3,"s:33:23:36:Infinity":7,"s:38:19:38:Infinity":8,"s:40:45:40:Infinity":9,"s:41:1:45:Infinity":10,"b:42:2:44:Infinity:undefined:undefined:undefined:undefined":4,"s:42:2:44:Infinity":11,"s:43:3:43:Infinity":12,"s:47:21:47:Infinity":13,"s:48:13:48:Infinity":14,"s:50:31:50:Infinity":15,"s:52:1:101:Infinity":16,"s:52:20:52:23":17,"s:53:2:100:Infinity":18,"s:54:20:54:Infinity":19,"b:56:3:68:Infinity:undefined:undefined:undefined:undefined":5,"s:56:3:68:Infinity":20,"b:57:4:63:Infinity:undefined:undefined:undefined:undefined":6,"s:57:4:63:Infinity":21,"b:58:5:62:Infinity:undefined:undefined:undefined:undefined":7,"s:58:5:62:Infinity":22,"s:59:20:59:Infinity":23,"s:60:6:60:Infinity":24,"s:61:6:61:Infinity":25,"s:64:4:67:Infinity":26,"s:70:17:70:Infinity":27,"b:74:3:87:Infinity:undefined:undefined:undefined:undefined":8,"s:74:3:87:Infinity":28,"b:75:4:81:Infinity:undefined:undefined:undefined:undefined":9,"s:75:4:81:Infinity":29,"b:76:5:80:Infinity:undefined:undefined:undefined:undefined":10,"s:76:5:80:Infinity":30,"s:77:20:77:Infinity":31,"s:78:6:78:Infinity":32,"s:79:6:79:Infinity":33,"s:82:4:86:Infinity":34,"s:89:3:89:Infinity":35,"s:91:3:91:Infinity":36,"b:91:40:91:48:91:48:91:Infinity":11,"b:92:3:98:Infinity:undefined:undefined:undefined:undefined":12,"s:92:3:98:Infinity":37,"b:92:7:92:40:92:40:92:73":13,"b:93:4:97:Infinity:undefined:undefined:undefined:undefined":14,"s:93:4:97:Infinity":38,"s:94:19:94:Infinity":39,"s:95:5:95:Infinity":40,"s:96:5:96:Infinity":41,"s:99:3:99:Infinity":42,"s:103:1:103:Infinity":43,"b:103:7:103:20:103:20:103:Infinity":15,"f:106:22:106:Infinity":4,"b:108:9:108:Infinity":16,"s:110:15:116:Infinity":44,"s:122:1:122:Infinity":45,"b:122:8:122:51:122:51:122:Infinity":17,"f:122:32:122:33":5,"s:122:39:122:46":46,"f:125:22:125:Infinity":6,"s:129:15:135:Infinity":47,"s:146:15:146:Infinity":48,"b:147:1:147:Infinity:undefined:undefined:undefined:undefined":18,"s:147:1:147:Infinity":49,"s:147:13:147:Infinity":50,"s:149:14:149:Infinity":51,"s:150:19:150:Infinity":52,"b:151:1:151:Infinity:undefined:undefined:undefined:undefined":19,"s:151:1:151:Infinity":53,"b:151:5:151:19:151:19:151:43":20,"s:151:43:151:Infinity":54,"s:153:15:153:Infinity":55,"s:154:15:154:Infinity":56,"s:156:1:162:Infinity":57,"s:157:15:157:Infinity":58,"b:158:2:161:Infinity:undefined:undefined:undefined:undefined":21,"s:158:2:161:Infinity":59,"s:159:3:159:Infinity":60,"s:160:3:160:Infinity":61,"s:164:1:164:Infinity":62}}}
,"C:\\Users\\sharo\\ghq\\github.com\\sharo-jef\\minecraft-wiki-mcp\\src\\tools\\clearWikiCache.ts": {"path":"C:\\Users\\sharo\\ghq\\github.com\\sharo-jef\\minecraft-wiki-mcp\\src\\tools\\clearWikiCache.ts","statementMap":{"0":{"start":{"line":10,"column":1},"end":{"line":10,"column":null}},"1":{"start":{"line":12,"column":1},"end":{"line":19,"column":null}}},"fnMap":{"0":{"name":"clearWikiCache","decl":{"start":{"line":7,"column":22},"end":{"line":7,"column":null}},"loc":{"start":{"line":9,"column":3},"end":{"line":20,"column":null}},"line":9}},"branchMap":{},"s":{"0":5,"1":5},"f":{"0":5},"b":{},"meta":{"lastBranch":0,"lastFunction":1,"lastStatement":2,"seen":{"f:7:22:7:Infinity":0,"s:10:1:10:Infinity":0,"s:12:1:19:Infinity":1}}}
,"C:\\Users\\sharo\\ghq\\github.com\\sharo-jef\\minecraft-wiki-mcp\\src\\tools\\compareVersions.ts": {"path":"C:\\Users\\sharo\\ghq\\github.com\\sharo-jef\\minecraft-wiki-mcp\\src\\tools\\compareVersions.ts","statementMap":{"0":{"start":{"line":72,"column":71},"end":{"line":78,"column":null}},"1":{"start":{"line":80,"column":15},"end":{"line":80,"column":null}},"2":{"start":{"line":82,"column":1},"end":{"line":84,"column":null}},"3":{"start":{"line":83,"column":2},"end":{"line":83,"column":null}},"4":{"start":{"line":86,"column":15},"end":{"line":86,"column":null}},"5":{"start":{"line":87,"column":17},"end":{"line":87,"column":null}},"6":{"start":{"line":89,"column":1},"end":{"line":91,"column":null}},"7":{"start":{"line":90,"column":2},"end":{"line":90,"column":null}},"8":{"start":{"line":93,"column":14},"end":{"line":93,"column":null}},"9":{"start":{"line":95,"column":1},"end":{"line":97,"column":null}},"10":{"start":{"line":96,"column":2},"end":{"line":96,"column":null}},"11":{"start":{"line":99,"column":19},"end":{"line":99,"column":null}},"12":{"start":{"line":100,"column":17},"end":{"line":100,"column":null}},"13":{"start":{"line":102,"column":1},"end":{"line":111,"column":null}},"14":{"start":{"line":103,"column":2},"end":{"line":110,"column":null}},"15":{"start":{"line":104,"column":3},"end":{"line":109,"column":null}},"16":{"start":{"line":113,"column":1},"end":{"line":113,"column":null}},"17":{"start":{"line":117,"column":71},"end":{"line":122,"column":null}},"18":{"start":{"line":124,"column":15},"end":{"line":124,"column":null}},"19":{"start":{"line":126,"column":1},"end":{"line":126,"column":null}},"20":{"start":{"line":130,"column":15},"end":{"line":130,"column":null}},"21":{"start":{"line":132,"column":1},"end":{"line":135,"column":null}},"22":{"start":{"line":133,"column":2},"end":{"line":133,"column":null}},"23":{"start":{"line":134,"column":2},"end":{"line":134,"column":null}},"24":{"start":{"line":137,"column":1},"end":{"line":140,"column":null}},"25":{"start":{"line":138,"column":2},"end":{"line":138,"column":null}},"26":{"start":{"line":139,"column":2},"end":{"line":139,"column":null}},"27":{"start":{"line":142,"column":1},"end":{"line":152,"column":null}},"28":{"start":{"line":143,"column":20},"end":{"line":143,"column":null}},"29":{"start":{"line":144,"column":2},"end":{"line":151,"column":null}},"30":{"start":{"line":145,"column":23},"end":{"line":145,"column":null}},"31":{"start":{"line":146,"column":3},"end":{"line":148,"column":null}},"32":{"start":{"line":147,"column":4},"end":{"line":147,"column":null}},"33":{"start":{"line":150,"column":3},"end":{"line":150,"column":null}},"34":{"start":{"line":154,"column":1},"end":{"line":154,"column":null}},"35":{"start":{"line":161,"column":27},"end":{"line":161,"column":null}},"36":{"start":{"line":163,"column":19},"end":{"line":163,"column":null}},"37":{"start":{"line":165,"column":1},"end":{"line":221,"column":null}},"38":{"start":{"line":165,"column":14},"end":{"line":165,"column":17}},"39":{"start":{"line":166,"column":19},"end":{"line":166,"column":null}},"40":{"start":{"line":167,"column":19},"end":{"line":167,"column":null}},"41":{"start":{"line":169,"column":2},"end":{"line":176,"column":null}},"42":{"start":{"line":170,"column":3},"end":{"line":174,"column":null}},"43":{"start":{"line":175,"column":3},"end":{"line":175,"column":null}},"44":{"start":{"line":178,"column":2},"end":{"line":185,"column":null}},"45":{"start":{"line":179,"column":3},"end":{"line":183,"column":null}},"46":{"start":{"line":184,"column":3},"end":{"line":184,"column":null}},"47":{"start":{"line":187,"column":19},"end":{"line":187,"column":null}},"48":{"start":{"line":188,"column":19},"end":{"line":188,"column":null}},"49":{"start":{"line":190,"column":2},"end":{"line":209,"column":null}},"50":{"start":{"line":191,"column":20},"end":{"line":191,"column":null}},"51":{"start":{"line":192,"column":3},"end":{"line":208,"column":null}},"52":{"start":{"line":193,"column":4},"end":{"line":197,"column":null}},"53":{"start":{"line":199,"column":21},"end":{"line":199,"column":null}},"54":{"start":{"line":200,"column":4},"end":{"line":207,"column":null}},"55":{"start":{"line":201,"column":5},"end":{"line":206,"column":null}},"56":{"start":{"line":211,"column":2},"end":{"line":220,"column":null}},"57":{"start":{"line":212,"column":20},"end":{"line":212,"column":null}},"58":{"start":{"line":213,"column":3},"end":{"line":219,"column":null}},"59":{"start":{"line":214,"column":4},"end":{"line":218,"column":null}},"60":{"start":{"line":223,"column":1},"end":{"line":223,"column":null}},"61":{"start":{"line":227,"column":1},"end":{"line":229,"column":null}},"62":{"start":{"line":228,"column":2},"end":{"line":228,"column":null}},"63":{"start":{"line":231,"column":15},"end":{"line":231,"column":null}},"64":{"start":{"line":231,"column":35},"end":{"line":231,"column":53}},"65":{"start":{"line":232,"column":17},"end":{"line":232,"column":null}},"66":{"start":{"line":232,"column":37},"end":{"line":232,"column":57}},"67":{"start":{"line":233,"column":17},"end":{"line":233,"column":null}},"68":{"start":{"line":233,"column":37},"end":{"line":233,"column":57}},"69":{"start":{"line":235,"column":25},"end":{"line":235,"column":null}},"70":{"start":{"line":236,"column":1},"end":{"line":236,"column":null}},"71":{"start":{"line":236,"column":16},"end":{"line":236,"column":null}},"72":{"start":{"line":237,"column":1},"end":{"line":237,"column":null}},"73":{"start":{"line":237,"column":18},"end":{"line":237,"column":null}},"74":{"start":{"line":238,"column":1},"end":{"line":238,"column":null}},"75":{"start":{"line":238,"column":18},"end":{"line":238,"column":null}},"76":{"start":{"line":240,"column":1},"end":{"line":240,"column":null}},"77":{"start":{"line":246,"column":39},"end":{"line":246,"column":null}},"78":{"start":{"line":248,"column":1},"end":{"line":250,"column":null}},"79":{"start":{"line":249,"column":2},"end":{"line":249,"column":null}},"80":{"start":{"line":251,"column":1},"end":{"line":253,"column":null}},"81":{"start":{"line":252,"column":2},"end":{"line":252,"column":null}},"82":{"start":{"line":254,"column":1},"end":{"line":256,"column":null}},"83":{"start":{"line":255,"column":2},"end":{"line":255,"column":null}},"84":{"start":{"line":258,"column":22},"end":{"line":261,"column":null}},"85":{"start":{"line":263,"column":39},"end":{"line":275,"column":null}},"86":{"start":{"line":277,"column":1},"end":{"line":287,"column":null}},"87":{"start":{"line":278,"column":2},"end":{"line":278,"column":null}},"88":{"start":{"line":279,"column":2},"end":{"line":286,"column":null}},"89":{"start":{"line":289,"column":1},"end":{"line":301,"column":null}},"90":{"start":{"line":290,"column":2},"end":{"line":292,"column":null}},"91":{"start":{"line":293,"column":2},"end":{"line":300,"column":null}},"92":{"start":{"line":303,"column":1},"end":{"line":315,"column":null}},"93":{"start":{"line":304,"column":2},"end":{"line":306,"column":null}},"94":{"start":{"line":307,"column":2},"end":{"line":314,"column":null}},"95":{"start":{"line":317,"column":30},"end":{"line":320,"column":null}},"96":{"start":{"line":322,"column":7},"end":{"line":322,"column":null}},"97":{"start":{"line":323,"column":7},"end":{"line":323,"column":null}},"98":{"start":{"line":325,"column":1},"end":{"line":325,"column":null}},"99":{"start":{"line":326,"column":1},"end":{"line":326,"column":null}},"100":{"start":{"line":328,"column":1},"end":{"line":335,"column":null}}},"fnMap":{"0":{"name":"findRevisionForVersion","decl":{"start":{"line":68,"column":15},"end":{"line":68,"column":null}},"loc":{"start":{"line":71,"column":32},"end":{"line":114,"column":null}},"line":71},"1":{"name":"getRevisionContent","decl":{"start":{"line":116,"column":15},"end":{"line":116,"column":34}},"loc":{"start":{"line":116,"column":71},"end":{"line":127,"column":null}},"line":116},"2":{"name":"getObjectPaths","decl":{"start":{"line":129,"column":9},"end":{"line":129,"column":24}},"loc":{"start":{"line":129,"column":73},"end":{"line":155,"column":null}},"line":129},"3":{"name":"compareJsonBlocks","decl":{"start":{"line":157,"column":9},"end":{"line":157,"column":null}},"loc":{"start":{"line":160,"column":14},"end":{"line":224,"column":null}},"line":160},"4":{"name":"generateSummary","decl":{"start":{"line":226,"column":9},"end":{"line":226,"column":25}},"loc":{"start":{"line":226,"column":52},"end":{"line":241,"column":null}},"line":226},"5":{"name":"(anonymous_5)","decl":{"start":{"line":231,"column":28},"end":{"line":231,"column":29}},"loc":{"start":{"line":231,"column":35},"end":{"line":231,"column":53}},"line":231},"6":{"name":"(anonymous_6)","decl":{"start":{"line":232,"column":30},"end":{"line":232,"column":31}},"loc":{"start":{"line":232,"column":37},"end":{"line":232,"column":57}},"line":232},"7":{"name":"(anonymous_7)","decl":{"start":{"line":233,"column":30},"end":{"line":233,"column":31}},"loc":{"start":{"line":233,"column":37},"end":{"line":233,"column":57}},"line":233},"8":{"name":"compareVersions","decl":{"start":{"line":243,"column":22},"end":{"line":243,"column":null}},"loc":{"start":{"line":245,"column":27},"end":{"line":336,"column":null}},"line":245}},"branchMap":{"0":{"loc":{"start":{"line":82,"column":1},"end":{"line":84,"column":null}},"type":"if","locations":[{"start":{"line":82,"column":1},"end":{"line":84,"column":null}},{"start":{},"end":{}}],"line":82},"1":{"loc":{"start":{"line":89,"column":1},"end":{"line":91,"column":null}},"type":"if","locations":[{"start":{"line":89,"column":1},"end":{"line":91,"column":null}},{"start":{},"end":{}}],"line":89},"2":{"loc":{"start":{"line":95,"column":1},"end":{"line":97,"column":null}},"type":"if","locations":[{"start":{"line":95,"column":1},"end":{"line":97,"column":null}},{"start":{},"end":{}}],"line":95},"3":{"loc":{"start":{"line":99,"column":19},"end":{"line":99,"column":null}},"type":"binary-expr","locations":[{"start":{"line":99,"column":19},"end":{"line":99,"column":37}},{"start":{"line":99,"column":37},"end":{"line":99,"column":null}}],"line":99},"4":{"loc":{"start":{"line":103,"column":2},"end":{"line":110,"column":null}},"type":"if","locations":[{"start":{"line":103,"column":2},"end":{"line":110,"column":null}},{"start":{},"end":{}}],"line":103},"5":{"loc":{"start":{"line":103,"column":6},"end":{"line":103,"column":48}},"type":"binary-expr","locations":[{"start":{"line":103,"column":6},"end":{"line":103,"column":21}},{"start":{"line":103,"column":21},"end":{"line":103,"column":48}}],"line":103},"6":{"loc":{"start":{"line":126,"column":8},"end":{"line":126,"column":null}},"type":"binary-expr","locations":[{"start":{"line":126,"column":8},"end":{"line":126,"column":39}},{"start":{"line":126,"column":39},"end":{"line":126,"column":null}}],"line":126},"7":{"loc":{"start":{"line":129,"column":38},"end":{"line":129,"column":73}},"type":"default-arg","locations":[{"start":{"line":129,"column":47},"end":{"line":129,"column":73}}],"line":129},"8":{"loc":{"start":{"line":132,"column":1},"end":{"line":135,"column":null}},"type":"if","locations":[{"start":{"line":132,"column":1},"end":{"line":135,"column":null}},{"start":{},"end":{}}],"line":132},"9":{"loc":{"start":{"line":132,"column":5},"end":{"line":132,"column":46}},"type":"binary-expr","locations":[{"start":{"line":132,"column":5},"end":{"line":132,"column":21}},{"start":{"line":132,"column":21},"end":{"line":132,"column":46}}],"line":132},"10":{"loc":{"start":{"line":133,"column":12},"end":{"line":133,"column":27}},"type":"binary-expr","locations":[{"start":{"line":133,"column":12},"end":{"line":133,"column":22}},{"start":{"line":133,"column":22},"end":{"line":133,"column":27}}],"line":133},"11":{"loc":{"start":{"line":137,"column":1},"end":{"line":140,"column":null}},"type":"if","locations":[{"start":{"line":137,"column":1},"end":{"line":140,"column":null}},{"start":{},"end":{}}],"line":137},"12":{"loc":{"start":{"line":138,"column":12},"end":{"line":138,"column":27}},"type":"binary-expr","locations":[{"start":{"line":138,"column":12},"end":{"line":138,"column":22}},{"start":{"line":138,"column":22},"end":{"line":138,"column":27}}],"line":138},"13":{"loc":{"start":{"line":143,"column":20},"end":{"line":143,"column":null}},"type":"cond-expr","locations":[{"start":{"line":143,"column":29},"end":{"line":143,"column":50}},{"start":{"line":143,"column":50},"end":{"line":143,"column":null}}],"line":143},"14":{"loc":{"start":{"line":144,"column":2},"end":{"line":151,"column":null}},"type":"if","locations":[{"start":{"line":144,"column":2},"end":{"line":151,"column":null}},{"start":{"line":149,"column":9},"end":{"line":151,"column":null}}],"line":144},"15":{"loc":{"start":{"line":144,"column":6},"end":{"line":144,"column":76}},"type":"binary-expr","locations":[{"start":{"line":144,"column":6},"end":{"line":144,"column":24}},{"start":{"line":144,"column":24},"end":{"line":144,"column":53}},{"start":{"line":144,"column":53},"end":{"line":144,"column":76}}],"line":144},"16":{"loc":{"start":{"line":169,"column":2},"end":{"line":176,"column":null}},"type":"if","locations":[{"start":{"line":169,"column":2},"end":{"line":176,"column":null}},{"start":{},"end":{}}],"line":169},"17":{"loc":{"start":{"line":169,"column":6},"end":{"line":169,"column":56}},"type":"binary-expr","locations":[{"start":{"line":169,"column":6},"end":{"line":169,"column":32}},{"start":{"line":169,"column":32},"end":{"line":169,"column":56}}],"line":169},"18":{"loc":{"start":{"line":178,"column":2},"end":{"line":185,"column":null}},"type":"if","locations":[{"start":{"line":178,"column":2},"end":{"line":185,"column":null}},{"start":{},"end":{}}],"line":178},"19":{"loc":{"start":{"line":178,"column":6},"end":{"line":178,"column":56}},"type":"binary-expr","locations":[{"start":{"line":178,"column":6},"end":{"line":178,"column":32}},{"start":{"line":178,"column":32},"end":{"line":178,"column":56}}],"line":178},"20":{"loc":{"start":{"line":192,"column":3},"end":{"line":208,"column":null}},"type":"if","locations":[{"start":{"line":192,"column":3},"end":{"line":208,"column":null}},{"start":{"line":198,"column":10},"end":{"line":208,"column":null}}],"line":192},"21":{"loc":{"start":{"line":200,"column":4},"end":{"line":207,"column":null}},"type":"if","locations":[{"start":{"line":200,"column":4},"end":{"line":207,"column":null}},{"start":{},"end":{}}],"line":200},"22":{"loc":{"start":{"line":213,"column":3},"end":{"line":219,"column":null}},"type":"if","locations":[{"start":{"line":213,"column":3},"end":{"line":219,"column":null}},{"start":{},"end":{}}],"line":213},"23":{"loc":{"start":{"line":227,"column":1},"end":{"line":229,"column":null}},"type":"if","locations":[{"start":{"line":227,"column":1},"end":{"line":229,"column":null}},{"start":{},"end":{}}],"line":227},"24":{"loc":{"start":{"line":236,"column":1},"end":{"line":236,"column":null}},"type":"if","locations":[{"start":{"line":236,"column":1},"end":{"line":236,"column":null}},{"start":{},"end":{}}],"line":236},"25":{"loc":{"start":{"line":237,"column":1},"end":{"line":237,"column":null}},"type":"if","locations":[{"start":{"line":237,"column":1},"end":{"line":237,"column":null}},{"start":{},"end":{}}],"line":237},"26":{"loc":{"start":{"line":238,"column":1},"end":{"line":238,"column":null}},"type":"if","locations":[{"start":{"line":238,"column":1},"end":{"line":238,"column":null}},{"start":{},"end":{}}],"line":238},"27":{"loc":{"start":{"line":248,"column":1},"end":{"line":250,"column":null}},"type":"if","locations":[{"start":{"line":248,"column":1},"end":{"line":250,"column":null}},{"start":{},"end":{}}],"line":248},"28":{"loc":{"start":{"line":251,"column":1},"end":{"line":253,"column":null}},"type":"if","locations":[{"start":{"line":251,"column":1},"end":{"line":253,"column":null}},{"start":{},"end":{}}],"line":251},"29":{"loc":{"start":{"line":254,"column":1},"end":{"line":256,"column":null}},"type":"if","locations":[{"start":{"line":254,"column":1},"end":{"line":256,"column":null}},{"start":{},"end":{}}],"line":254},"30":{"loc":{"start":{"line":277,"column":1},"end":{"line":287,"column":null}},"type":"if","locations":[{"start":{"line":277,"column":1},"end":{"line":287,"column":null}},{"start":{},"end":{}}],"line":277},"31":{"loc":{"start":{"line":277,"column":5},"end":{"line":277,"column":21}},"type":"binary-expr","locations":[{"start":{"line":277,"column":5},"end":{"line":277,"column":14}},{"start":{"line":277,"column":14},"end":{"line":277,"column":21}}],"line":277},"32":{"loc":{"start":{"line":289,"column":1},"end":{"line":301,"column":null}},"type":"if","locations":[{"start":{"line":289,"column":1},"end":{"line":301,"column":null}},{"start":{},"end":{}}],"line":289},"33":{"loc":{"start":{"line":303,"column":1},"end":{"line":315,"column":null}},"type":"if","locations":[{"start":{"line":303,"column":1},"end":{"line":315,"column":null}},{"start":{},"end":{}}],"line":303}},"s":{"0":12,"1":12,"2":12,"3":2,"4":10,"5":10,"6":10,"7":0,"8":10,"9":10,"10":2,"11":8,"12":12,"13":12,"14":8,"15":6,"16":2,"17":4,"18":4,"19":4,"20":2,"21":2,"22":0,"23":0,"24":2,"25":0,"26":0,"27":2,"28":2,"29":2,"30":0,"31":0,"32":0,"33":2,"34":2,"35":2,"36":2,"37":2,"38":2,"39":1,"40":1,"41":1,"42":0,"43":0,"44":1,"45":0,"46":0,"47":1,"48":1,"49":1,"50":1,"51":1,"52":0,"53":1,"54":1,"55":1,"56":1,"57":1,"58":1,"59":0,"60":2,"61":2,"62":1,"63":1,"64":1,"65":1,"66":1,"67":1,"68":1,"69":1,"70":1,"71":0,"72":1,"73":1,"74":1,"75":1,"76":1,"77":9,"78":9,"79":1,"80":8,"81":1,"82":7,"83":1,"84":6,"85":6,"86":6,"87":2,"88":2,"89":4,"90":0,"91":0,"92":4,"93":2,"94":2,"95":2,"96":2,"97":2,"98":2,"99":2,"100":2},"f":{"0":12,"1":4,"2":2,"3":2,"4":2,"5":1,"6":1,"7":1,"8":9},"b":{"0":[2,10],"1":[0,10],"2":[2,8],"3":[8,0],"4":[6,2],"5":[8,8],"6":[4,0],"7":[2],"8":[0,2],"9":[2,2],"10":[0,0],"11":[0,2],"12":[0,0],"13":[0,2],"14":[0,2],"15":[2,2,0],"16":[0,1],"17":[1,0],"18":[0,1],"19":[1,1],"20":[0,1],"21":[1,0],"22":[0,1],"23":[1,1],"24":[0,1],"25":[0,1],"26":[1,0],"27":[1,8],"28":[1,7],"29":[1,6],"30":[2,4],"31":[6,2],"32":[0,4],"33":[2,2]},"meta":{"lastBranch":34,"lastFunction":9,"lastStatement":101,"seen":{"f:68:15:68:Infinity":0,"s:72:71:78:Infinity":0,"s:80:15:80:Infinity":1,"b:82:1:84:Infinity:undefined:undefined:undefined:undefined":0,"s:82:1:84:Infinity":2,"s:83:2:83:Infinity":3,"s:86:15:86:Infinity":4,"s:87:17:87:Infinity":5,"b:89:1:91:Infinity:undefined:undefined:undefined:undefined":1,"s:89:1:91:Infinity":6,"s:90:2:90:Infinity":7,"s:93:14:93:Infinity":8,"b:95:1:97:Infinity:undefined:undefined:undefined:undefined":2,"s:95:1:97:Infinity":9,"s:96:2:96:Infinity":10,"s:99:19:99:Infinity":11,"b:99:19:99:37:99:37:99:Infinity":3,"s:100:17:100:Infinity":12,"s:102:1:111:Infinity":13,"b:103:2:110:Infinity:undefined:undefined:undefined:undefined":4,"s:103:2:110:Infinity":14,"b:103:6:103:21:103:21:103:48":5,"s:104:3:109:Infinity":15,"s:113:1:113:Infinity":16,"f:116:15:116:34":1,"s:117:71:122:Infinity":17,"s:124:15:124:Infinity":18,"s:126:1:126:Infinity":19,"b:126:8:126:39:126:39:126:Infinity":6,"f:129:9:129:24":2,"b:129:47:129:73":7,"s:130:15:130:Infinity":20,"b:132:1:135:Infinity:undefined:undefined:undefined:undefined":8,"s:132:1:135:Infinity":21,"b:132:5:132:21:132:21:132:46":9,"s:133:2:133:Infinity":22,"b:133:12:133:22:133:22:133:27":10,"s:134:2:134:Infinity":23,"b:137:1:140:Infinity:undefined:undefined:undefined:undefined":11,"s:137:1:140:Infinity":24,"s:138:2:138:Infinity":25,"b:138:12:138:22:138:22:138:27":12,"s:139:2:139:Infinity":26,"s:142:1:152:Infinity":27,"s:143:20:143:Infinity":28,"b:143:29:143:50:143:50:143:Infinity":13,"b:144:2:151:Infinity:149:9:151:Infinity":14,"s:144:2:151:Infinity":29,"b:144:6:144:24:144:24:144:53:144:53:144:76":15,"s:145:23:145:Infinity":30,"s:146:3:148:Infinity":31,"s:147:4:147:Infinity":32,"s:150:3:150:Infinity":33,"s:154:1:154:Infinity":34,"f:157:9:157:Infinity":3,"s:161:27:161:Infinity":35,"s:163:19:163:Infinity":36,"s:165:1:221:Infinity":37,"s:165:14:165:17":38,"s:166:19:166:Infinity":39,"s:167:19:167:Infinity":40,"b:169:2:176:Infinity:undefined:undefined:undefined:undefined":16,"s:169:2:176:Infinity":41,"b:169:6:169:32:169:32:169:56":17,"s:170:3:174:Infinity":42,"s:175:3:175:Infinity":43,"b:178:2:185:Infinity:undefined:undefined:undefined:undefined":18,"s:178:2:185:Infinity":44,"b:178:6:178:32:178:32:178:56":19,"s:179:3:183:Infinity":45,"s:184:3:184:Infinity":46,"s:187:19:187:Infinity":47,"s:188:19:188:Infinity":48,"s:190:2:209:Infinity":49,"s:191:20:191:Infinity":50,"b:192:3:208:Infinity:198:10:208:Infinity":20,"s:192:3:208:Infinity":51,"s:193:4:197:Infinity":52,"s:199:21:199:Infinity":53,"b:200:4:207:Infinity:undefined:undefined:undefined:undefined":21,"s:200:4:207:Infinity":54,"s:201:5:206:Infinity":55,"s:211:2:220:Infinity":56,"s:212:20:212:Infinity":57,"b:213:3:219:Infinity:undefined:undefined:undefined:undefined":22,"s:213:3:219:Infinity":58,"s:214:4:218:Infinity":59,"s:223:1:223:Infinity":60,"f:226:9:226:25":4,"b:227:1:229:Infinity:undefined:undefined:undefined:undefined":23,"s:227:1:229:Infinity":61,"s:228:2:228:Infinity":62,"s:231:15:231:Infinity":63,"f:231:28:231:29":5,"s:231:35:231:53":64,"s:232:17:232:Infinity":65,"f:232:30:232:31":6,"s:232:37:232:57":66,"s:233:17:233:Infinity":67,"f:233:30:233:31":7,"s:233:37:233:57":68,"s:235:25:235:Infinity":69,"b:236:1:236:Infinity:undefined:undefined:undefined:undefined":24,"s:236:1:236:Infinity":70,"s:236:16:236:Infinity":71,"b:237:1:237:Infinity:undefined:undefined:undefined:undefined":25,"s:237:1:237:Infinity":72,"s:237:18:237:Infinity":73,"b:238:1:238:Infinity:undefined:undefined:undefined:undefined":26,"s:238:1:238:Infinity":74,"s:238:18:238:Infinity":75,"s:240:1:240:Infinity":76,"f:243:22:243:Infinity":8,"s:246:39:246:Infinity":77,"b:248:1:250:Infinity:undefined:undefined:undefined:undefined":27,"s:248:1:250:Infinity":78,"s:249:2:249:Infinity":79,"b:251:1:253:Infinity:undefined:undefined:undefined:undefined":28,"s:251:1:253:Infinity":80,"s:252:2:252:Infinity":81,"b:254:1:256:Infinity:undefined:undefined:undefined:undefined":29,"s:254:1:256:Infinity":82,"s:255:2:255:Infinity":83,"s:258:22:261:Infinity":84,"s:263:39:275:Infinity":85,"b:277:1:287:Infinity:undefined:undefined:undefined:undefined":30,"s:277:1:287:Infinity":86,"b:277:5:277:14:277:14:277:21":31,"s:278:2:278:Infinity":87,"s:279:2:286:Infinity":88,"b:289:1:301:Infinity:undefined:undefined:undefined:undefined":32,"s:289:1:301:Infinity":89,"s:290:2:292:Infinity":90,"s:293:2:300:Infinity":91,"b:303:1:315:Infinity:undefined:undefined:undefined:undefined":33,"s:303:1:315:Infinity":92,"s:304:2:306:Infinity":93,"s:307:2:314:Infinity":94,"s:317:30:320:Infinity":95,"s:322:7:322:Infinity":96,"s:323:7:323:Infinity":97,"s:325:1:325:Infinity":98,"s:326:1:326:Infinity":99,"s:328:1:335:Infinity":100}}}
,"C:\\Users\\sharo\\ghq\\github.com\\sharo-jef\\minecraft-wiki-mcp\\src\\tools\\getDatapackSpecification.ts": {"path":"C:\\Users\\sharo\\ghq\\github.com\\sharo-jef\\minecraft-wiki-mcp\\src\\tools\\getDatapackSpecification.ts","statementMap":{"0":{"start":{"line":26,"column":19},"end":{"line":38,"column":null}},"1":{"start":{"line":29,"column":2},"end":{"line":36,"column":null}},"2":{"start":{"line":30,"column":19},"end":{"line":30,"column":null}},"3":{"start":{"line":31,"column":23},"end":{"line":31,"column":null}},"4":{"start":{"line":32,"column":3},"end":{"line":34,"column":null}},"5":{"start":{"line":33,"column":4},"end":{"line":33,"column":null}},"6":{"start":{"line":35,"column":3},"end":{"line":35,"column":null}},"7":{"start":{"line":37,"column":2},"end":{"line":37,"column":null}},"8":{"start":{"line":40,"column":15},"end":{"line":40,"column":null}},"9":{"start":{"line":41,"column":15},"end":{"line":41,"column":null}},"10":{"start":{"line":44,"column":1},"end":{"line":46,"column":null}},"11":{"start":{"line":45,"column":2},"end":{"line":45,"column":null}},"12":{"start":{"line":47,"column":1},"end":{"line":49,"column":null}},"13":{"start":{"line":48,"column":2},"end":{"line":48,"column":null}},"14":{"start":{"line":50,"column":1},"end":{"line":50,"column":null}},"15":{"start":{"line":72,"column":5},"end":{"line":72,"column":null}},"16":{"start":{"line":75,"column":1},"end":{"line":77,"column":null}},"17":{"start":{"line":76,"column":2},"end":{"line":76,"column":null}},"18":{"start":{"line":78,"column":1},"end":{"line":80,"column":null}},"19":{"start":{"line":79,"column":2},"end":{"line":79,"column":null}},"20":{"start":{"line":83,"column":1},"end":{"line":87,"column":null}},"21":{"start":{"line":84,"column":2},"end":{"line":86,"column":null}},"22":{"start":{"line":90,"column":32},"end":{"line":90,"column":null}},"23":{"start":{"line":91,"column":1},"end":{"line":102,"column":null}},"24":{"start":{"line":92,"column":28},"end":{"line":94,"column":null}},"25":{"start":{"line":93,"column":3},"end":{"line":93,"column":null}},"26":{"start":{"line":95,"column":2},"end":{"line":99,"column":null}},"27":{"start":{"line":96,"column":3},"end":{"line":98,"column":null}},"28":{"start":{"line":101,"column":2},"end":{"line":101,"column":null}},"29":{"start":{"line":105,"column":1},"end":{"line":107,"column":null}},"30":{"start":{"line":106,"column":2},"end":{"line":106,"column":null}},"31":{"start":{"line":111,"column":2},"end":{"line":111,"column":null}},"32":{"start":{"line":114,"column":7},"end":{"line":118,"column":null}},"33":{"start":{"line":121,"column":7},"end":{"line":127,"column":null}},"34":{"start":{"line":130,"column":7},"end":{"line":136,"column":null}},"35":{"start":{"line":139,"column":7},"end":{"line":143,"column":null}},"36":{"start":{"line":146,"column":38},"end":{"line":150,"column":null}},"37":{"start":{"line":152,"column":1},"end":{"line":159,"column":null}}},"fnMap":{"0":{"name":"comparePackFormats","decl":{"start":{"line":21,"column":9},"end":{"line":21,"column":null}},"loc":{"start":{"line":24,"column":11},"end":{"line":51,"column":null}},"line":24},"1":{"name":"(anonymous_1)","decl":{"start":{"line":26,"column":19},"end":{"line":26,"column":null}},"loc":{"start":{"line":28,"column":33},"end":{"line":38,"column":null}},"line":28},"2":{"name":"getDatapackSpecification","decl":{"start":{"line":62,"column":22},"end":{"line":62,"column":null}},"loc":{"start":{"line":64,"column":27},"end":{"line":160,"column":null}},"line":64},"3":{"name":"(anonymous_3)","decl":{"start":{"line":92,"column":52},"end":{"line":92,"column":53}},"loc":{"start":{"line":93,"column":3},"end":{"line":93,"column":null}},"line":93}},"branchMap":{"0":{"loc":{"start":{"line":29,"column":2},"end":{"line":36,"column":null}},"type":"if","locations":[{"start":{"line":29,"column":2},"end":{"line":36,"column":null}},{"start":{},"end":{}}],"line":29},"1":{"loc":{"start":{"line":32,"column":3},"end":{"line":34,"column":null}},"type":"if","locations":[{"start":{"line":32,"column":3},"end":{"line":34,"column":null}},{"start":{},"end":{}}],"line":32},"2":{"loc":{"start":{"line":44,"column":1},"end":{"line":46,"column":null}},"type":"if","locations":[{"start":{"line":44,"column":1},"end":{"line":46,"column":null}},{"start":{},"end":{}}],"line":44},"3":{"loc":{"start":{"line":44,"column":5},"end":{"line":44,"column":51}},"type":"binary-expr","locations":[{"start":{"line":44,"column":5},"end":{"line":44,"column":29}},{"start":{"line":44,"column":29},"end":{"line":44,"column":51}}],"line":44},"4":{"loc":{"start":{"line":45,"column":9},"end":{"line":45,"column":null}},"type":"binary-expr","locations":[{"start":{"line":45,"column":9},"end":{"line":45,"column":34}},{"start":{"line":45,"column":34},"end":{"line":45,"column":null}}],"line":45},"5":{"loc":{"start":{"line":47,"column":1},"end":{"line":49,"column":null}},"type":"if","locations":[{"start":{"line":47,"column":1},"end":{"line":49,"column":null}},{"start":{},"end":{}}],"line":47},"6":{"loc":{"start":{"line":47,"column":5},"end":{"line":47,"column":53}},"type":"binary-expr","locations":[{"start":{"line":47,"column":5},"end":{"line":47,"column":30}},{"start":{"line":47,"column":30},"end":{"line":47,"column":53}}],"line":47},"7":{"loc":{"start":{"line":70,"column":2},"end":{"line":70,"column":null}},"type":"default-arg","locations":[{"start":{"line":70,"column":13},"end":{"line":70,"column":null}}],"line":70},"8":{"loc":{"start":{"line":71,"column":2},"end":{"line":71,"column":null}},"type":"default-arg","locations":[{"start":{"line":71,"column":21},"end":{"line":71,"column":null}}],"line":71},"9":{"loc":{"start":{"line":75,"column":1},"end":{"line":77,"column":null}},"type":"if","locations":[{"start":{"line":75,"column":1},"end":{"line":77,"column":null}},{"start":{},"end":{}}],"line":75},"10":{"loc":{"start":{"line":75,"column":5},"end":{"line":75,"column":39}},"type":"binary-expr","locations":[{"start":{"line":75,"column":5},"end":{"line":75,"column":26}},{"start":{"line":75,"column":26},"end":{"line":75,"column":39}}],"line":75},"11":{"loc":{"start":{"line":78,"column":1},"end":{"line":80,"column":null}},"type":"if","locations":[{"start":{"line":78,"column":1},"end":{"line":80,"column":null}},{"start":{},"end":{}}],"line":78},"12":{"loc":{"start":{"line":83,"column":1},"end":{"line":87,"column":null}},"type":"if","locations":[{"start":{"line":83,"column":1},"end":{"line":87,"column":null}},{"start":{},"end":{}}],"line":83},"13":{"loc":{"start":{"line":91,"column":1},"end":{"line":102,"column":null}},"type":"if","locations":[{"start":{"line":91,"column":1},"end":{"line":102,"column":null}},{"start":{},"end":{}}],"line":91},"14":{"loc":{"start":{"line":91,"column":5},"end":{"line":91,"column":46}},"type":"binary-expr","locations":[{"start":{"line":91,"column":5},"end":{"line":91,"column":34}},{"start":{"line":91,"column":34},"end":{"line":91,"column":46}}],"line":91},"15":{"loc":{"start":{"line":95,"column":2},"end":{"line":99,"column":null}},"type":"if","locations":[{"start":{"line":95,"column":2},"end":{"line":99,"column":null}},{"start":{},"end":{}}],"line":95},"16":{"loc":{"start":{"line":105,"column":1},"end":{"line":107,"column":null}},"type":"if","locations":[{"start":{"line":105,"column":1},"end":{"line":107,"column":null}},{"start":{},"end":{}}],"line":105}},"s":{"0":36,"1":72,"2":65,"3":65,"4":65,"5":1,"6":64,"7":7,"8":36,"9":36,"10":36,"11":1,"12":35,"13":29,"14":6,"15":37,"16":37,"17":1,"18":36,"19":1,"20":35,"21":6,"22":29,"23":29,"24":4,"25":36,"26":4,"27":1,"28":3,"29":28,"30":0,"31":28,"32":28,"33":28,"34":28,"35":28,"36":28,"37":28},"f":{"0":36,"1":72,"2":37,"3":36},"b":{"0":[65,7],"1":[1,64],"2":[1,35],"3":[36,7],"4":[1,1],"5":[29,6],"6":[35,29],"7":[37],"8":[37],"9":[1,36],"10":[37,5],"11":[1,35],"12":[6,29],"13":[4,25],"14":[29,4],"15":[1,3],"16":[0,28]},"meta":{"lastBranch":17,"lastFunction":4,"lastStatement":38,"seen":{"f:21:9:21:Infinity":0,"s:26:19:38:Infinity":0,"f:26:19:26:Infinity":1,"b:29:2:36:Infinity:undefined:undefined:undefined:undefined":0,"s:29:2:36:Infinity":1,"s:30:19:30:Infinity":2,"s:31:23:31:Infinity":3,"b:32:3:34:Infinity:undefined:undefined:undefined:undefined":1,"s:32:3:34:Infinity":4,"s:33:4:33:Infinity":5,"s:35:3:35:Infinity":6,"s:37:2:37:Infinity":7,"s:40:15:40:Infinity":8,"s:41:15:41:Infinity":9,"b:44:1:46:Infinity:undefined:undefined:undefined:undefined":2,"s:44:1:46:Infinity":10,"b:44:5:44:29:44:29:44:51":3,"s:45:2:45:Infinity":11,"b:45:9:45:34:45:34:45:Infinity":4,"b:47:1:49:Infinity:undefined:undefined:undefined:undefined":5,"s:47:1:49:Infinity":12,"b:47:5:47:30:47:30:47:53":6,"s:48:2:48:Infinity":13,"s:50:1:50:Infinity":14,"f:62:22:62:Infinity":2,"s:72:5:72:Infinity":15,"b:70:13:70:Infinity":7,"b:71:21:71:Infinity":8,"b:75:1:77:Infinity:undefined:undefined:undefined:undefined":9,"s:75:1:77:Infinity":16,"b:75:5:75:26:75:26:75:39":10,"s:76:2:76:Infinity":17,"b:78:1:80:Infinity:undefined:undefined:undefined:undefined":11,"s:78:1:80:Infinity":18,"s:79:2:79:Infinity":19,"b:83:1:87:Infinity:undefined:undefined:undefined:undefined":12,"s:83:1:87:Infinity":20,"s:84:2:86:Infinity":21,"s:90:32:90:Infinity":22,"b:91:1:102:Infinity:undefined:undefined:undefined:undefined":13,"s:91:1:102:Infinity":23,"b:91:5:91:34:91:34:91:46":14,"s:92:28:94:Infinity":24,"f:92:52:92:53":3,"s:93:3:93:Infinity":25,"b:95:2:99:Infinity:undefined:undefined:undefined:undefined":15,"s:95:2:99:Infinity":26,"s:96:3:98:Infinity":27,"s:101:2:101:Infinity":28,"b:105:1:107:Infinity:undefined:undefined:undefined:undefined":16,"s:105:1:107:Infinity":29,"s:106:2:106:Infinity":30,"s:111:2:111:Infinity":31,"s:114:7:118:Infinity":32,"s:121:7:127:Infinity":33,"s:130:7:136:Infinity":34,"s:139:7:143:Infinity":35,"s:146:38:150:Infinity":36,"s:152:1:159:Infinity":37}}}
,"C:\\Users\\sharo\\ghq\\github.com\\sharo-jef\\minecraft-wiki-mcp\\src\\tools\\getPackFormatInfo.ts": {"path":"C:\\Users\\sharo\\ghq\\github.com\\sharo-jef\\minecraft-wiki-mcp\\src\\tools\\getPackFormatInfo.ts","statementMap":{"0":{"start":{"line":23,"column":19},"end":{"line":58,"column":null}},"1":{"start":{"line":26,"column":2},"end":{"line":56,"column":null}},"2":{"start":{"line":28,"column":3},"end":{"line":37,"column":null}},"3":{"start":{"line":29,"column":4},"end":{"line":36,"column":null}},"4":{"start":{"line":30,"column":20},"end":{"line":30,"column":null}},"5":{"start":{"line":31,"column":5},"end":{"line":33,"column":null}},"6":{"start":{"line":32,"column":6},"end":{"line":32,"column":null}},"7":{"start":{"line":39,"column":15},"end":{"line":39,"column":null}},"8":{"start":{"line":40,"column":3},"end":{"line":47,"column":null}},"9":{"start":{"line":41,"column":20},"end":{"line":41,"column":null}},"10":{"start":{"line":42,"column":24},"end":{"line":42,"column":null}},"11":{"start":{"line":43,"column":4},"end":{"line":45,"column":null}},"12":{"start":{"line":44,"column":5},"end":{"line":44,"column":null}},"13":{"start":{"line":46,"column":4},"end":{"line":46,"column":null}},"14":{"start":{"line":48,"column":2},"end":{"line":56,"column":null}},"15":{"start":{"line":50,"column":19},"end":{"line":50,"column":null}},"16":{"start":{"line":51,"column":23},"end":{"line":51,"column":null}},"17":{"start":{"line":52,"column":3},"end":{"line":54,"column":null}},"18":{"start":{"line":53,"column":4},"end":{"line":53,"column":null}},"19":{"start":{"line":55,"column":3},"end":{"line":55,"column":null}},"20":{"start":{"line":57,"column":2},"end":{"line":57,"column":null}},"21":{"start":{"line":60,"column":15},"end":{"line":60,"column":null}},"22":{"start":{"line":61,"column":15},"end":{"line":61,"column":null}},"23":{"start":{"line":64,"column":1},"end":{"line":66,"column":null}},"24":{"start":{"line":65,"column":2},"end":{"line":65,"column":null}},"25":{"start":{"line":67,"column":1},"end":{"line":69,"column":null}},"26":{"start":{"line":68,"column":2},"end":{"line":68,"column":null}},"27":{"start":{"line":70,"column":1},"end":{"line":70,"column":null}},"28":{"start":{"line":86,"column":42},"end":{"line":86,"column":null}},"29":{"start":{"line":88,"column":18},"end":{"line":91,"column":null}},"30":{"start":{"line":93,"column":22},"end":{"line":93,"column":null}},"31":{"start":{"line":94,"column":1},"end":{"line":96,"column":null}},"32":{"start":{"line":95,"column":2},"end":{"line":95,"column":null}},"33":{"start":{"line":98,"column":1},"end":{"line":117,"column":null}},"34":{"start":{"line":99,"column":2},"end":{"line":116,"column":null}},"35":{"start":{"line":106,"column":61},"end":{"line":109,"column":9}},"36":{"start":{"line":119,"column":43},"end":{"line":119,"column":null}},"37":{"start":{"line":121,"column":1},"end":{"line":149,"column":null}},"38":{"start":{"line":122,"column":8},"end":{"line":122,"column":null}},"39":{"start":{"line":123,"column":2},"end":{"line":133,"column":null}},"40":{"start":{"line":124,"column":3},"end":{"line":132,"column":null}},"41":{"start":{"line":134,"column":1},"end":{"line":149,"column":null}},"42":{"start":{"line":135,"column":18},"end":{"line":137,"column":null}},"43":{"start":{"line":136,"column":3},"end":{"line":136,"column":null}},"44":{"start":{"line":138,"column":2},"end":{"line":148,"column":null}},"45":{"start":{"line":139,"column":3},"end":{"line":147,"column":null}},"46":{"start":{"line":151,"column":1},"end":{"line":176,"column":null}},"47":{"start":{"line":152,"column":21},"end":{"line":154,"column":null}},"48":{"start":{"line":156,"column":2},"end":{"line":175,"column":null}},"49":{"start":{"line":165,"column":57},"end":{"line":168,"column":9}},"50":{"start":{"line":178,"column":36},"end":{"line":185,"column":null}},"51":{"start":{"line":187,"column":1},"end":{"line":187,"column":null}},"52":{"start":{"line":189,"column":1},"end":{"line":189,"column":null}}},"fnMap":{"0":{"name":"comparePackFormats","decl":{"start":{"line":18,"column":9},"end":{"line":18,"column":null}},"loc":{"start":{"line":21,"column":11},"end":{"line":71,"column":null}},"line":21},"1":{"name":"(anonymous_1)","decl":{"start":{"line":23,"column":19},"end":{"line":23,"column":null}},"loc":{"start":{"line":25,"column":33},"end":{"line":58,"column":null}},"line":25},"2":{"name":"getPackFormatInfo","decl":{"start":{"line":83,"column":22},"end":{"line":83,"column":null}},"loc":{"start":{"line":85,"column":27},"end":{"line":190,"column":null}},"line":85},"3":{"name":"(anonymous_3)","decl":{"start":{"line":106,"column":52},"end":{"line":106,"column":53}},"loc":{"start":{"line":106,"column":61},"end":{"line":109,"column":9}},"line":106},"4":{"name":"(anonymous_4)","decl":{"start":{"line":135,"column":42},"end":{"line":135,"column":43}},"loc":{"start":{"line":136,"column":3},"end":{"line":136,"column":null}},"line":136},"5":{"name":"(anonymous_5)","decl":{"start":{"line":165,"column":48},"end":{"line":165,"column":49}},"loc":{"start":{"line":165,"column":57},"end":{"line":168,"column":9}},"line":165}},"branchMap":{"0":{"loc":{"start":{"line":26,"column":2},"end":{"line":56,"column":null}},"type":"if","locations":[{"start":{"line":26,"column":2},"end":{"line":56,"column":null}},{"start":{"line":48,"column":2},"end":{"line":56,"column":null}}],"line":26},"1":{"loc":{"start":{"line":28,"column":3},"end":{"line":37,"column":null}},"type":"if","locations":[{"start":{"line":28,"column":3},"end":{"line":37,"column":null}},{"start":{},"end":{}}],"line":28},"2":{"loc":{"start":{"line":28,"column":7},"end":{"line":28,"column":49}},"type":"binary-expr","locations":[{"start":{"line":28,"column":7},"end":{"line":28,"column":30}},{"start":{"line":28,"column":30},"end":{"line":28,"column":49}}],"line":28},"3":{"loc":{"start":{"line":31,"column":5},"end":{"line":33,"column":null}},"type":"if","locations":[{"start":{"line":31,"column":5},"end":{"line":33,"column":null}},{"start":{},"end":{}}],"line":31},"4":{"loc":{"start":{"line":31,"column":9},"end":{"line":31,"column":55}},"type":"binary-expr","locations":[{"start":{"line":31,"column":9},"end":{"line":31,"column":34}},{"start":{"line":31,"column":34},"end":{"line":31,"column":55}}],"line":31},"5":{"loc":{"start":{"line":40,"column":3},"end":{"line":47,"column":null}},"type":"if","locations":[{"start":{"line":40,"column":3},"end":{"line":47,"column":null}},{"start":{},"end":{}}],"line":40},"6":{"loc":{"start":{"line":43,"column":4},"end":{"line":45,"column":null}},"type":"if","locations":[{"start":{"line":43,"column":4},"end":{"line":45,"column":null}},{"start":{},"end":{}}],"line":43},"7":{"loc":{"start":{"line":48,"column":2},"end":{"line":56,"column":null}},"type":"if","locations":[{"start":{"line":48,"column":2},"end":{"line":56,"column":null}},{"start":{},"end":{}}],"line":48},"8":{"loc":{"start":{"line":52,"column":3},"end":{"line":54,"column":null}},"type":"if","locations":[{"start":{"line":52,"column":3},"end":{"line":54,"column":null}},{"start":{},"end":{}}],"line":52},"9":{"loc":{"start":{"line":64,"column":1},"end":{"line":66,"column":null}},"type":"if","locations":[{"start":{"line":64,"column":1},"end":{"line":66,"column":null}},{"start":{},"end":{}}],"line":64},"10":{"loc":{"start":{"line":64,"column":5},"end":{"line":64,"column":51}},"type":"binary-expr","locations":[{"start":{"line":64,"column":5},"end":{"line":64,"column":29}},{"start":{"line":64,"column":29},"end":{"line":64,"column":51}}],"line":64},"11":{"loc":{"start":{"line":65,"column":9},"end":{"line":65,"column":null}},"type":"binary-expr","locations":[{"start":{"line":65,"column":9},"end":{"line":65,"column":34}},{"start":{"line":65,"column":34},"end":{"line":65,"column":null}}],"line":65},"12":{"loc":{"start":{"line":67,"column":1},"end":{"line":69,"column":null}},"type":"if","locations":[{"start":{"line":67,"column":1},"end":{"line":69,"column":null}},{"start":{},"end":{}}],"line":67},"13":{"loc":{"start":{"line":67,"column":5},"end":{"line":67,"column":53}},"type":"binary-expr","locations":[{"start":{"line":67,"column":5},"end":{"line":67,"column":30}},{"start":{"line":67,"column":30},"end":{"line":67,"column":53}}],"line":67},"14":{"loc":{"start":{"line":94,"column":1},"end":{"line":96,"column":null}},"type":"if","locations":[{"start":{"line":94,"column":1},"end":{"line":96,"column":null}},{"start":{},"end":{}}],"line":94},"15":{"loc":{"start":{"line":98,"column":1},"end":{"line":117,"column":null}},"type":"if","locations":[{"start":{"line":98,"column":1},"end":{"line":117,"column":null}},{"start":{},"end":{}}],"line":98},"16":{"loc":{"start":{"line":98,"column":5},"end":{"line":98,"column":52}},"type":"binary-expr","locations":[{"start":{"line":98,"column":5},"end":{"line":98,"column":26}},{"start":{"line":98,"column":26},"end":{"line":98,"column":52}}],"line":98},"17":{"loc":{"start":{"line":121,"column":1},"end":{"line":149,"column":null}},"type":"if","locations":[{"start":{"line":121,"column":1},"end":{"line":149,"column":null}},{"start":{"line":134,"column":1},"end":{"line":149,"column":null}}],"line":121},"18":{"loc":{"start":{"line":123,"column":2},"end":{"line":133,"column":null}},"type":"if","locations":[{"start":{"line":123,"column":2},"end":{"line":133,"column":null}},{"start":{},"end":{}}],"line":123},"19":{"loc":{"start":{"line":134,"column":1},"end":{"line":149,"column":null}},"type":"if","locations":[{"start":{"line":134,"column":1},"end":{"line":149,"column":null}},{"start":{},"end":{}}],"line":134},"20":{"loc":{"start":{"line":138,"column":2},"end":{"line":148,"column":null}},"type":"if","locations":[{"start":{"line":138,"column":2},"end":{"line":148,"column":null}},{"start":{},"end":{}}],"line":138},"21":{"loc":{"start":{"line":151,"column":1},"end":{"line":176,"column":null}},"type":"if","locations":[{"start":{"line":151,"column":1},"end":{"line":176,"column":null}},{"start":{},"end":{}}],"line":151},"22":{"loc":{"start":{"line":152,"column":21},"end":{"line":154,"column":null}},"type":"cond-expr","locations":[{"start":{"line":153,"column":5},"end":{"line":153,"column":null}},{"start":{"line":154,"column":5},"end":{"line":154,"column":null}}],"line":152}},"s":{"0":104,"1":208,"2":3,"3":2,"4":2,"5":2,"6":2,"7":1,"8":1,"9":1,"10":1,"11":1,"12":1,"13":0,"14":205,"15":187,"16":187,"17":187,"18":1,"19":186,"20":18,"21":104,"22":104,"23":104,"24":4,"25":100,"26":86,"27":14,"28":22,"29":22,"30":22,"31":22,"32":0,"33":22,"34":1,"35":19,"36":21,"37":21,"38":11,"39":11,"40":9,"41":10,"42":10,"43":104,"44":10,"45":6,"46":21,"47":6,"48":6,"49":114,"50":15,"51":15,"52":15},"f":{"0":104,"1":208,"2":22,"3":19,"4":104,"5":114},"b":{"0":[3,205],"1":[2,1],"2":[3,2],"3":[2,0],"4":[2,2],"5":[1,0],"6":[1,0],"7":[187,18],"8":[1,186],"9":[4,100],"10":[104,18],"11":[4,3],"12":[86,14],"13":[100,86],"14":[0,22],"15":[1,21],"16":[22,11],"17":[11,10],"18":[9,2],"19":[10,0],"20":[6,4],"21":[6,15],"22":[2,4]},"meta":{"lastBranch":23,"lastFunction":6,"lastStatement":53,"seen":{"f:18:9:18:Infinity":0,"s:23:19:58:Infinity":0,"f:23:19:23:Infinity":1,"b:26:2:56:Infinity:48:2:56:Infinity":0,"s:26:2:56:Infinity":1,"b:28:3:37:Infinity:undefined:undefined:undefined:undefined":1,"s:28:3:37:Infinity":2,"b:28:7:28:30:28:30:28:49":2,"s:29:4:36:Infinity":3,"s:30:20:30:Infinity":4,"b:31:5:33:Infinity:undefined:undefined:undefined:undefined":3,"s:31:5:33:Infinity":5,"b:31:9:31:34:31:34:31:55":4,"s:32:6:32:Infinity":6,"s:39:15:39:Infinity":7,"b:40:3:47:Infinity:undefined:undefined:undefined:undefined":5,"s:40:3:47:Infinity":8,"s:41:20:41:Infinity":9,"s:42:24:42:Infinity":10,"b:43:4:45:Infinity:undefined:undefined:undefined:undefined":6,"s:43:4:45:Infinity":11,"s:44:5:44:Infinity":12,"s:46:4:46:Infinity":13,"b:48:2:56:Infinity:undefined:undefined:undefined:undefined":7,"s:48:2:56:Infinity":14,"s:50:19:50:Infinity":15,"s:51:23:51:Infinity":16,"b:52:3:54:Infinity:undefined:undefined:undefined:undefined":8,"s:52:3:54:Infinity":17,"s:53:4:53:Infinity":18,"s:55:3:55:Infinity":19,"s:57:2:57:Infinity":20,"s:60:15:60:Infinity":21,"s:61:15:61:Infinity":22,"b:64:1:66:Infinity:undefined:undefined:undefined:undefined":9,"s:64:1:66:Infinity":23,"b:64:5:64:29:64:29:64:51":10,"s:65:2:65:Infinity":24,"b:65:9:65:34:65:34:65:Infinity":11,"b:67:1:69:Infinity:undefined:undefined:undefined:undefined":12,"s:67:1:69:Infinity":25,"b:67:5:67:30:67:30:67:53":13,"s:68:2:68:Infinity":26,"s:70:1:70:Infinity":27,"f:83:22:83:Infinity":2,"s:86:42:86:Infinity":28,"s:88:18:91:Infinity":29,"s:93:22:93:Infinity":30,"b:94:1:96:Infinity:undefined:undefined:undefined:undefined":14,"s:94:1:96:Infinity":31,"s:95:2:95:Infinity":32,"b:98:1:117:Infinity:undefined:undefined:undefined:undefined":15,"s:98:1:117:Infinity":33,"b:98:5:98:26:98:26:98:52":16,"s:99:2:116:Infinity":34,"f:106:52:106:53":3,"s:106:61:109:9":35,"s:119:43:119:Infinity":36,"b:121:1:149:Infinity:134:1:149:Infinity":17,"s:121:1:149:Infinity":37,"s:122:8:122:Infinity":38,"b:123:2:133:Infinity:undefined:undefined:undefined:undefined":18,"s:123:2:133:Infinity":39,"s:124:3:132:Infinity":40,"b:134:1:149:Infinity:undefined:undefined:undefined:undefined":19,"s:134:1:149:Infinity":41,"s:135:18:137:Infinity":42,"f:135:42:135:43":4,"s:136:3:136:Infinity":43,"b:138:2:148:Infinity:undefined:undefined:undefined:undefined":20,"s:138:2:148:Infinity":44,"s:139:3:147:Infinity":45,"b:151:1:176:Infinity:undefined:undefined:undefined:undefined":21,"s:151:1:176:Infinity":46,"s:152:21:154:Infinity":47,"b:153:5:153:Infinity:154:5:154:Infinity":22,"s:156:2:175:Infinity":48,"f:165:48:165:49":5,"s:165:57:168:9":49,"s:178:36:185:Infinity":50,"s:187:1:187:Infinity":51,"s:189:1:189:Infinity":52}}}
,"C:\\Users\\sharo\\ghq\\github.com\\sharo-jef\\minecraft-wiki-mcp\\src\\tools\\getWikiPage.ts": {"path":"C:\\Users\\sharo\\ghq\\github.com\\sharo-jef\\minecraft-wiki-mcp\\src\\tools\\getWikiPage.ts","statementMap":{"0":{"start":{"line":46,"column":5},"end":{"line":46,"column":null}},"1":{"start":{"line":48,"column":1},"end":{"line":50,"column":null}},"2":{"start":{"line":49,"column":2},"end":{"line":49,"column":null}},"3":{"start":{"line":52,"column":18},"end":{"line":58,"column":null}},"4":{"start":{"line":60,"column":22},"end":{"line":60,"column":null}},"5":{"start":{"line":61,"column":1},"end":{"line":63,"column":null}},"6":{"start":{"line":62,"column":2},"end":{"line":62,"column":null}},"7":{"start":{"line":65,"column":71},"end":{"line":68,"column":null}},"8":{"start":{"line":70,"column":1},"end":{"line":74,"column":null}},"9":{"start":{"line":71,"column":2},"end":{"line":71,"column":null}},"10":{"start":{"line":73,"column":2},"end":{"line":73,"column":null}},"11":{"start":{"line":76,"column":1},"end":{"line":78,"column":null}},"12":{"start":{"line":77,"column":2},"end":{"line":77,"column":null}},"13":{"start":{"line":80,"column":1},"end":{"line":84,"column":null}},"14":{"start":{"line":81,"column":2},"end":{"line":81,"column":null}},"15":{"start":{"line":83,"column":2},"end":{"line":83,"column":null}},"16":{"start":{"line":88,"column":1},"end":{"line":130,"column":null}},"17":{"start":{"line":89,"column":2},"end":{"line":89,"column":null}},"18":{"start":{"line":91,"column":2},"end":{"line":128,"column":null}},"19":{"start":{"line":96,"column":23},"end":{"line":99,"column":null}},"20":{"start":{"line":101,"column":17},"end":{"line":101,"column":null}},"21":{"start":{"line":102,"column":18},"end":{"line":102,"column":null}},"22":{"start":{"line":104,"column":3},"end":{"line":127,"column":null}},"23":{"start":{"line":105,"column":20},"end":{"line":105,"column":null}},"24":{"start":{"line":106,"column":4},"end":{"line":126,"column":null}},"25":{"start":{"line":107,"column":5},"end":{"line":125,"column":null}},"26":{"start":{"line":129,"column":2},"end":{"line":129,"column":null}},"27":{"start":{"line":132,"column":1},"end":{"line":153,"column":null}},"28":{"start":{"line":133,"column":22},"end":{"line":133,"column":null}},"29":{"start":{"line":134,"column":2},"end":{"line":151,"column":null}},"30":{"start":{"line":135,"column":3},"end":{"line":150,"column":null}},"31":{"start":{"line":152,"column":2},"end":{"line":152,"column":null}},"32":{"start":{"line":155,"column":19},"end":{"line":155,"column":null}},"33":{"start":{"line":158,"column":23},"end":{"line":158,"column":null}},"34":{"start":{"line":160,"column":1},"end":{"line":162,"column":null}},"35":{"start":{"line":161,"column":2},"end":{"line":161,"column":null}},"36":{"start":{"line":164,"column":1},"end":{"line":174,"column":null}},"37":{"start":{"line":166,"column":3},"end":{"line":166,"column":null}},"38":{"start":{"line":167,"column":3},"end":{"line":167,"column":null}},"39":{"start":{"line":169,"column":3},"end":{"line":169,"column":null}},"40":{"start":{"line":170,"column":3},"end":{"line":170,"column":null}},"41":{"start":{"line":172,"column":3},"end":{"line":172,"column":null}},"42":{"start":{"line":173,"column":3},"end":{"line":173,"column":null}},"43":{"start":{"line":176,"column":35},"end":{"line":181,"column":null}},"44":{"start":{"line":183,"column":1},"end":{"line":188,"column":null}},"45":{"start":{"line":184,"column":8},"end":{"line":184,"column":null}},"46":{"start":{"line":185,"column":2},"end":{"line":187,"column":null}},"47":{"start":{"line":186,"column":3},"end":{"line":186,"column":null}},"48":{"start":{"line":190,"column":32},"end":{"line":197,"column":null}},"49":{"start":{"line":199,"column":1},"end":{"line":199,"column":null}},"50":{"start":{"line":201,"column":1},"end":{"line":201,"column":null}}},"fnMap":{"0":{"name":"getWikiPage","decl":{"start":{"line":37,"column":22},"end":{"line":37,"column":null}},"loc":{"start":{"line":39,"column":27},"end":{"line":202,"column":null}},"line":39}},"branchMap":{"0":{"loc":{"start":{"line":44,"column":2},"end":{"line":44,"column":null}},"type":"default-arg","locations":[{"start":{"line":44,"column":16},"end":{"line":44,"column":null}}],"line":44},"1":{"loc":{"start":{"line":45,"column":2},"end":{"line":45,"column":null}},"type":"default-arg","locations":[{"start":{"line":45,"column":11},"end":{"line":45,"column":null}}],"line":45},"2":{"loc":{"start":{"line":48,"column":1},"end":{"line":50,"column":null}},"type":"if","locations":[{"start":{"line":48,"column":1},"end":{"line":50,"column":null}},{"start":{},"end":{}}],"line":48},"3":{"loc":{"start":{"line":61,"column":1},"end":{"line":63,"column":null}},"type":"if","locations":[{"start":{"line":61,"column":1},"end":{"line":63,"column":null}},{"start":{},"end":{}}],"line":61},"4":{"loc":{"start":{"line":70,"column":1},"end":{"line":74,"column":null}},"type":"if","locations":[{"start":{"line":70,"column":1},"end":{"line":74,"column":null}},{"start":{"line":72,"column":8},"end":{"line":74,"column":null}}],"line":70},"5":{"loc":{"start":{"line":76,"column":1},"end":{"line":78,"column":null}},"type":"if","locations":[{"start":{"line":76,"column":1},"end":{"line":78,"column":null}},{"start":{},"end":{}}],"line":76},"6":{"loc":{"start":{"line":80,"column":1},"end":{"line":84,"column":null}},"type":"if","locations":[{"start":{"line":80,"column":1},"end":{"line":84,"column":null}},{"start":{"line":82,"column":8},"end":{"line":84,"column":null}}],"line":80},"7":{"loc":{"start":{"line":91,"column":2},"end":{"line":128,"column":null}},"type":"if","locations":[{"start":{"line":91,"column":2},"end":{"line":128,"column":null}},{"start":{},"end":{}}],"line":91},"8":{"loc":{"start":{"line":92,"column":3},"end":{"line":94,"column":null}},"type":"binary-expr","locations":[{"start":{"line":92,"column":3},"end":{"line":92,"column":null}},{"start":{"line":93,"column":3},"end":{"line":93,"column":null}},{"start":{"line":94,"column":3},"end":{"line":94,"column":null}}],"line":92},"9":{"loc":{"start":{"line":102,"column":18},"end":{"line":102,"column":null}},"type":"cond-expr","locations":[{"start":{"line":102,"column":26},"end":{"line":102,"column":60}},{"start":{"line":102,"column":60},"end":{"line":102,"column":null}}],"line":102},"10":{"loc":{"start":{"line":104,"column":3},"end":{"line":127,"column":null}},"type":"if","locations":[{"start":{"line":104,"column":3},"end":{"line":127,"column":null}},{"start":{},"end":{}}],"line":104},"11":{"loc":{"start":{"line":104,"column":7},"end":{"line":104,"column":29}},"type":"binary-expr","locations":[{"start":{"line":104,"column":7},"end":{"line":104,"column":17}},{"start":{"line":104,"column":17},"end":{"line":104,"column":29}}],"line":104},"12":{"loc":{"start":{"line":106,"column":4},"end":{"line":126,"column":null}},"type":"if","locations":[{"start":{"line":106,"column":4},"end":{"line":126,"column":null}},{"start":{},"end":{}}],"line":106},"13":{"loc":{"start":{"line":132,"column":1},"end":{"line":153,"column":null}},"type":"if","locations":[{"start":{"line":132,"column":1},"end":{"line":153,"column":null}},{"start":{},"end":{}}],"line":132},"14":{"loc":{"start":{"line":134,"column":2},"end":{"line":151,"column":null}},"type":"if","locations":[{"start":{"line":134,"column":2},"end":{"line":151,"column":null}},{"start":{},"end":{}}],"line":134},"15":{"loc":{"start":{"line":160,"column":1},"end":{"line":162,"column":null}},"type":"if","locations":[{"start":{"line":160,"column":1},"end":{"line":162,"column":null}},{"start":{},"end":{}}],"line":160},"16":{"loc":{"start":{"line":164,"column":1},"end":{"line":174,"column":null}},"type":"switch","locations":[{"start":{"line":165,"column":2},"end":{"line":167,"column":null}},{"start":{"line":168,"column":2},"end":{"line":170,"column":null}},{"start":{"line":171,"column":2},"end":{"line":173,"column":null}}],"line":164},"17":{"loc":{"start":{"line":169,"column":13},"end":{"line":169,"column":null}},"type":"binary-expr","locations":[{"start":{"line":169,"column":13},"end":{"line":169,"column":34}},{"start":{"line":169,"column":34},"end":{"line":169,"column":null}}],"line":169},"18":{"loc":{"start":{"line":172,"column":13},"end":{"line":172,"column":null}},"type":"cond-expr","locations":[{"start":{"line":172,"column":29},"end":{"line":172,"column":62}},{"start":{"line":172,"column":62},"end":{"line":172,"column":null}}],"line":172},"19":{"loc":{"start":{"line":183,"column":1},"end":{"line":188,"column":null}},"type":"if","locations":[{"start":{"line":183,"column":1},"end":{"line":188,"column":null}},{"start":{},"end":{}}],"line":183},"20":{"loc":{"start":{"line":183,"column":5},"end":{"line":183,"column":37}},"type":"binary-expr","locations":[{"start":{"line":183,"column":5},"end":{"line":183,"column":20}},{"start":{"line":183,"column":20},"end":{"line":183,"column":37}}],"line":183},"21":{"loc":{"start":{"line":185,"column":2},"end":{"line":187,"column":null}},"type":"if","locations":[{"start":{"line":185,"column":2},"end":{"line":187,"column":null}},{"start":{},"end":{}}],"line":185}},"s":{"0":16,"1":16,"2":2,"3":14,"4":14,"5":14,"6":0,"7":14,"8":14,"9":2,"10":12,"11":14,"12":1,"13":14,"14":1,"15":13,"16":14,"17":14,"18":1,"19":1,"20":1,"21":1,"22":1,"23":1,"24":1,"25":1,"26":0,"27":13,"28":2,"29":2,"30":1,"31":1,"32":11,"33":11,"34":11,"35":11,"36":11,"37":1,"38":1,"39":1,"40":1,"41":9,"42":9,"43":11,"44":11,"45":9,"46":9,"47":1,"48":11,"49":11,"50":11},"f":{"0":16},"b":{"0":[16],"1":[16],"2":[2,14],"3":[0,14],"4":[2,12],"5":[1,13],"6":[1,13],"7":[1,0],"8":[1,1,1],"9":[1,0],"10":[1,0],"11":[1,1],"12":[1,0],"13":[2,11],"14":[1,1],"15":[11,0],"16":[1,1,9],"17":[1,0],"18":[9,0],"19":[9,2],"20":[11,9],"21":[1,8]},"meta":{"lastBranch":22,"lastFunction":1,"lastStatement":51,"seen":{"f:37:22:37:Infinity":0,"s:46:5:46:Infinity":0,"b:44:16:44:Infinity":0,"b:45:11:45:Infinity":1,"b:48:1:50:Infinity:undefined:undefined:undefined:undefined":2,"s:48:1:50:Infinity":1,"s:49:2:49:Infinity":2,"s:52:18:58:Infinity":3,"s:60:22:60:Infinity":4,"b:61:1:63:Infinity:undefined:undefined:undefined:undefined":3,"s:61:1:63:Infinity":5,"s:62:2:62:Infinity":6,"s:65:71:68:Infinity":7,"b:70:1:74:Infinity:72:8:74:Infinity":4,"s:70:1:74:Infinity":8,"s:71:2:71:Infinity":9,"s:73:2:73:Infinity":10,"b:76:1:78:Infinity:undefined:undefined:undefined:undefined":5,"s:76:1:78:Infinity":11,"s:77:2:77:Infinity":12,"b:80:1:84:Infinity:82:8:84:Infinity":6,"s:80:1:84:Infinity":13,"s:81:2:81:Infinity":14,"s:83:2:83:Infinity":15,"s:88:1:130:Infinity":16,"s:89:2:89:Infinity":17,"b:91:2:128:Infinity:undefined:undefined:undefined:undefined":7,"s:91:2:128:Infinity":18,"b:92:3:92:Infinity:93:3:93:Infinity:94:3:94:Infinity":8,"s:96:23:99:Infinity":19,"s:101:17:101:Infinity":20,"s:102:18:102:Infinity":21,"b:102:26:102:60:102:60:102:Infinity":9,"b:104:3:127:Infinity:undefined:undefined:undefined:undefined":10,"s:104:3:127:Infinity":22,"b:104:7:104:17:104:17:104:29":11,"s:105:20:105:Infinity":23,"b:106:4:126:Infinity:undefined:undefined:undefined:undefined":12,"s:106:4:126:Infinity":24,"s:107:5:125:Infinity":25,"s:129:2:129:Infinity":26,"b:132:1:153:Infinity:undefined:undefined:undefined:undefined":13,"s:132:1:153:Infinity":27,"s:133:22:133:Infinity":28,"b:134:2:151:Infinity:undefined:undefined:undefined:undefined":14,"s:134:2:151:Infinity":29,"s:135:3:150:Infinity":30,"s:152:2:152:Infinity":31,"s:155:19:155:Infinity":32,"s:158:23:158:Infinity":33,"b:160:1:162:Infinity:undefined:undefined:undefined:undefined":15,"s:160:1:162:Infinity":34,"s:161:2:161:Infinity":35,"b:165:2:167:Infinity:168:2:170:Infinity:171:2:173:Infinity":16,"s:164:1:174:Infinity":36,"s:166:3:166:Infinity":37,"s:167:3:167:Infinity":38,"s:169:3:169:Infinity":39,"b:169:13:169:34:169:34:169:Infinity":17,"s:170:3:170:Infinity":40,"s:172:3:172:Infinity":41,"b:172:29:172:62:172:62:172:Infinity":18,"s:173:3:173:Infinity":42,"s:176:35:181:Infinity":43,"b:183:1:188:Infinity:undefined:undefined:undefined:undefined":19,"s:183:1:188:Infinity":44,"b:183:5:183:20:183:20:183:37":20,"s:184:8:184:Infinity":45,"b:185:2:187:Infinity:undefined:undefined:undefined:undefined":21,"s:185:2:187:Infinity":46,"s:186:3:186:Infinity":47,"s:190:32:197:Infinity":48,"s:199:1:199:Infinity":49,"s:201:1:201:Infinity":50}}}
[...]
n":null}},"line":199},"4":{"name":"getDirectoryNames","decl":{"start":{"line":241,"column":16},"end":{"line":241,"column":null}},"loc":{"start":{"line":243,"column":26},"end":{"line":296,"column":null}},"line":243},"5":{"name":"parseWikiPackFormats","decl":{"start":{"line":302,"column":15},"end":{"line":302,"column":79}},"loc":{"start":{"line":302,"column":79},"end":{"line":460,"column":null}},"line":302},"6":{"name":"(anonymous_6)","decl":{"start":{"line":339,"column":35},"end":{"line":339,"column":36}},"loc":{"start":{"line":339,"column":46},"end":{"line":339,"column":65}},"line":339},"7":{"name":"(anonymous_7)","decl":{"start":{"line":354,"column":10},"end":{"line":354,"column":11}},"loc":{"start":{"line":354,"column":22},"end":{"line":447,"column":5}},"line":354},"8":{"name":"(anonymous_8)","decl":{"start":{"line":374,"column":12},"end":{"line":374,"column":13}},"loc":{"start":{"line":374,"column":19},"end":{"line":374,"column":48}},"line":374},"9":{"name":"(anonymous_9)","decl":{"start":{"line":420,"column":38},"end":{"line":420,"column":39}},"loc":{"start":{"line":420,"column":45},"end":{"line":428,"column":6}},"line":420},"10":{"name":"getPackFormatFromWiki","decl":{"start":{"line":466,"column":15},"end":{"line":466,"column":null}},"loc":{"start":{"line":468,"column":37},"end":{"line":485,"column":null}},"line":468}},"branchMap":{"0":{"loc":{"start":{"line":168,"column":1},"end":{"line":170,"column":null}},"type":"if","locations":[{"start":{"line":168,"column":1},"end":{"line":170,"column":null}},{"start":{},"end":{}}],"line":168},"1":{"loc":{"start":{"line":179,"column":2},"end":{"line":181,"column":null}},"type":"if","locations":[{"start":{"line":179,"column":2},"end":{"line":181,"column":null}},{"start":{},"end":{}}],"line":179},"2":{"loc":{"start":{"line":204,"column":1},"end":{"line":211,"column":null}},"type":"if","locations":[{"start":{"line":204,"column":1},"end":{"line":211,"column":null}},{"start":{},"end":{}}],"line":204},"3":{"loc":{"start":{"line":216,"column":2},"end":{"line":223,"column":null}},"type":"if","locations":[{"start":{"line":216,"column":2},"end":{"line":223,"column":null}},{"start":{},"end":{}}],"line":216},"4":{"loc":{"start":{"line":244,"column":1},"end":{"line":270,"column":null}},"type":"if","locations":[{"start":{"line":244,"column":1},"end":{"line":270,"column":null}},{"start":{},"end":{}}],"line":244},"5":{"loc":{"start":{"line":314,"column":2},"end":{"line":316,"column":null}},"type":"if","locations":[{"start":{"line":314,"column":2},"end":{"line":316,"column":null}},{"start":{},"end":{}}],"line":314},"6":{"loc":{"start":{"line":314,"column":6},"end":{"line":314,"column":49}},"type":"binary-expr","locations":[{"start":{"line":314,"column":6},"end":{"line":314,"column":19}},{"start":{"line":314,"column":19},"end":{"line":314,"column":49}}],"line":314},"7":{"loc":{"start":{"line":323,"column":2},"end":{"line":325,"column":null}},"type":"if","locations":[{"start":{"line":323,"column":2},"end":{"line":325,"column":null}},{"start":{},"end":{}}],"line":323},"8":{"loc":{"start":{"line":323,"column":6},"end":{"line":323,"column":55}},"type":"binary-expr","locations":[{"start":{"line":323,"column":6},"end":{"line":323,"column":22}},{"start":{"line":323,"column":22},"end":{"line":323,"column":55}}],"line":323},"9":{"loc":{"start":{"line":342,"column":3},"end":{"line":344,"column":null}},"type":"if","locations":[{"start":{"line":342,"column":3},"end":{"line":344,"column":null}},{"start":{},"end":{}}],"line":342},"10":{"loc":{"start":{"line":342,"column":7},"end":{"line":342,"column":76}},"type":"binary-expr","locations":[{"start":{"line":342,"column":7},"end":{"line":342,"column":41}},{"start":{"line":342,"column":41},"end":{"line":342,"column":76}}],"line":342},"11":{"loc":{"start":{"line":356,"column":5},"end":{"line":358,"column":null}},"type":"if","locations":[{"start":{"line":356,"column":5},"end":{"line":358,"column":null}},{"start":{},"end":{}}],"line":356},"12":{"loc":{"start":{"line":370,"column":5},"end":{"line":388,"column":null}},"type":"if","locations":[{"start":{"line":370,"column":5},"end":{"line":388,"column":null}},{"start":{"line":384,"column":12},"end":{"line":388,"column":null}}],"line":370},"13":{"loc":{"start":{"line":375,"column":6},"end":{"line":383,"column":null}},"type":"if","locations":[{"start":{"line":375,"column":6},"end":{"line":383,"column":null}},{"start":{"line":381,"column":13},"end":{"line":383,"column":null}}],"line":375},"14":{"loc":{"start":{"line":376,"column":7},"end":{"line":378,"column":null}},"type":"binary-expr","locations":[{"start":{"line":376,"column":7},"end":{"line":376,"column":null}},{"start":{"line":377,"column":7},"end":{"line":377,"column":null}},{"start":{"line":378,"column":7},"end":{"line":378,"column":null}}],"line":376},"15":{"loc":{"start":{"line":386,"column":6},"end":{"line":386,"column":null}},"type":"if","locations":[{"start":{"line":386,"column":6},"end":{"line":386,"column":null}},{"start":{},"end":{}}],"line":386},"16":{"loc":{"start":{"line":400,"column":6},"end":{"line":400,"column":null}},"type":"if","locations":[{"start":{"line":400,"column":6},"end":{"line":400,"column":null}},{"start":{},"end":{}}],"line":400},"17":{"loc":{"start":{"line":409,"column":6},"end":{"line":411,"column":null}},"type":"if","locations":[{"start":{"line":409,"column":6},"end":{"line":411,"column":null}},{"start":{},"end":{}}],"line":409},"18":{"loc":{"start":{"line":414,"column":5},"end":{"line":416,"column":null}},"type":"if","locations":[{"start":{"line":414,"column":5},"end":{"line":416,"column":null}},{"start":{},"end":{}}],"line":414},"19":{"loc":{"start":{"line":422,"column":6},"end":{"line":422,"column":null}},"type":"if","locations":[{"start":{"line":422,"column":6},"end":{"line":422,"column":null}},{"start":{},"end":{}}],"line":422},"20":{"loc":{"start":{"line":425,"column":7},"end":{"line":426,"column":null}},"type":"binary-expr","locations":[{"start":{"line":425,"column":7},"end":{"line":425,"column":null}},{"start":{"line":426,"column":7},"end":{"line":426,"column":null}}],"line":425},"21":{"loc":{"start":{"line":429,"column":52},"end":{"line":431,"column":null}},"type":"cond-expr","locations":[{"start":{"line":430,"column":8},"end":{"line":430,"column":null}},{"start":{"line":431,"column":8},"end":{"line":431,"column":null}}],"line":429},"22":{"loc":{"start":{"line":450,"column":3},"end":{"line":452,"column":null}},"type":"if","locations":[{"start":{"line":450,"column":3},"end":{"line":452,"column":null}},{"start":{},"end":{}}],"line":450},"23":{"loc":{"start":{"line":472,"column":1},"end":{"line":474,"column":null}},"type":"if","locations":[{"start":{"line":472,"column":1},"end":{"line":474,"column":null}},{"start":{},"end":{}}],"line":472},"24":{"loc":{"start":{"line":472,"column":5},"end":{"line":472,"column":74}},"type":"binary-expr","locations":[{"start":{"line":472,"column":5},"end":{"line":472,"column":28}},{"start":{"line":472,"column":28},"end":{"line":472,"column":74}}],"line":472},"25":{"loc":{"start":{"line":473,"column":9},"end":{"line":473,"column":null}},"type":"binary-expr","locations":[{"start":{"line":473,"column":9},"end":{"line":473,"column":54}},{"start":{"line":473,"column":54},"end":{"line":473,"column":null}}],"line":473},"26":{"loc":{"start":{"line":480,"column":9},"end":{"line":480,"column":null}},"type":"binary-expr","locations":[{"start":{"line":480,"column":9},"end":{"line":480,"column":54}},{"start":{"line":480,"column":54},"end":{"line":480,"column":null}}],"line":480}},"s":{"0":5,"1":5,"2":5,"3":39,"4":39,"5":5,"6":103,"7":103,"8":103,"9":103,"10":103,"11":103,"12":103,"13":5,"14":98,"15":67,"16":67,"17":809,"18":40,"19":27,"20":36,"21":36,"22":36,"23":15,"24":21,"25":21,"26":21,"27":10,"28":0,"29":11,"30":11,"31":11,"32":6,"33":3,"34":3,"35":19,"36":19,"37":19,"38":18,"39":8,"40":10,"41":10,"42":19,"43":1,"44":9,"45":9,"46":9,"47":9,"48":10,"49":10,"50":10,"51":20,"52":10,"53":1,"54":9,"55":9,"56":9,"57":11,"58":11,"59":0,"60":11,"61":11,"62":11,"63":11,"64":11,"65":1,"66":2,"67":1,"68":1,"69":0,"70":10,"71":10,"72":1,"73":9,"74":10,"75":10,"76":10,"77":13,"78":13,"79":0,"80":13,"81":13,"82":12,"83":10,"84":1,"85":9,"86":11,"87":11,"88":2,"89":9,"90":9,"91":9,"92":11,"93":11,"94":11,"95":12,"96":9,"97":9,"98":10,"99":19,"100":21,"101":21,"102":2,"103":19,"104":19,"105":19,"106":19,"107":0,"108":0},"f":{"0":39,"1":103,"2":67,"3":36,"4":6,"5":19,"6":20,"7":11,"8":2,"9":11,"10":21},"b":{"0":[5,98],"1":[40,769],"2":[15,21],"3":[10,11],"4":[3,3],"5":[8,10],"6":[18,10],"7":[1,18],"8":[19,9],"9":[1,9],"10":[10,9],"11":[0,11],"12":[1,10],"13":[1,0],"14":[1,1,1],"15":[1,9],"16":[0,13],"17":[12,1],"18":[1,9],"19":[2,9],"20":[9,9],"21":[6,3],"22":[9,0],"23":[2,19],"24":[21,2],"25":[2,1],"26":[19,10]},"meta":{"lastBranch":27,"lastFunction":11,"lastStatement":109,"seen":{"s:7:65:7:Infinity":0,"s:8:25:8:Infinity":1,"s:9:26:9:Infinity":2,"f:15:16:15:39":0,"s:16:1:16:Infinity":3,"s:17:1:17:Infinity":4,"s:20:55:144:Infinity":5,"f:156:9:156:26":1,"s:157:18:157:Infinity":6,"s:160:1:160:Infinity":7,"s:161:1:161:Infinity":8,"s:162:1:162:Infinity":9,"s:163:1:163:Infinity":10,"s:164:1:164:Infinity":11,"b:168:1:170:Infinity:undefined:undefined:undefined:undefined":0,"s:168:1:170:Infinity":12,"s:169:2:169:Infinity":13,"s:171:1:171:Infinity":14,"f:174:16:174:Infinity":2,"s:177:20:177:Infinity":15,"s:178:1:182:Infinity":16,"b:179:2:181:Infinity:undefined:undefined:undefined:undefined":1,"s:179:2:181:Infinity":17,"s:180:3:180:Infinity":18,"s:183:1:183:Infinity":19,"f:191:22:191:Infinity":3,"s:200:20:200:Infinity":20,"s:203:20:203:Infinity":21,"b:204:1:211:Infinity:undefined:undefined:undefined:undefined":2,"s:204:1:211:Infinity":22,"s:205:2:210:Infinity":23,"s:214:1:226:Infinity":24,"s:215:20:215:Infinity":25,"b:216:2:223:Infinity:undefined:undefined:undefined:undefined":3,"s:216:2:223:Infinity":26,"s:217:3:222:Infinity":27,"s:225:2:225:Infinity":28,"s:229:23:229:Infinity":29,"s:230:23:230:Infinity":30,"s:232:1:238:Infinity":31,"f:241:16:241:Infinity":4,"b:244:1:270:Infinity:undefined:undefined:undefined:undefined":4,"s:244:1:270:Infinity":32,"s:245:2:269:Infinity":33,"s:271:1:295:Infinity":34,"f:302:15:302:79":5,"s:303:20:303:Infinity":35,"s:305:1:457:Infinity":36,"s:307:19:312:Infinity":37,"b:314:2:316:Infinity:undefined:undefined:undefined:undefined":5,"s:314:2:316:Infinity":38,"b:314:6:314:19:314:19:314:49":6,"s:315:3:315:Infinity":39,"s:318:22:318:Infinity":40,"s:322:22:322:Infinity":41,"b:323:2:325:Infinity:undefined:undefined:undefined:undefined":7,"s:323:2:325:Infinity":42,"b:323:6:323:22:323:22:323:55":8,"s:324:3:324:Infinity":43,"s:328:12:328:Infinity":44,"s:332:17:332:Infinity":45,"s:334:2:453:Infinity":46,"s:334:15:334:18":47,"s:335:17:335:Infinity":48,"s:338:19:338:Infinity":49,"s:339:23:339:Infinity":50,"f:339:35:339:36":6,"s:339:46:339:65":51,"b:342:3:344:Infinity:undefined:undefined:undefined:undefined":9,"s:342:3:344:Infinity":52,"b:342:7:342:41:342:41:342:76":10,"s:343:4:343:Infinity":53,"s:347:22:347:Infinity":54,"s:348:25:348:Infinity":55,"s:351:3:447:Infinity":56,"f:354:10:354:11":7,"s:355:19:355:Infinity":57,"b:356:5:358:Infinity:undefined:undefined:undefined:undefined":11,"s:356:5:358:Infinity":58,"s:357:6:357:Infinity":59,"s:361:28:361:Infinity":60,"s:362:27:362:Infinity":61,"s:365:26:365:Infinity":62,"s:366:26:366:Infinity":63,"b:370:5:388:Infinity:384:12:388:Infinity":12,"s:370:5:388:Infinity":64,"s:372:20:374:Infinity":65,"f:374:12:374:13":8,"s:374:19:374:48":66,"b:375:6:383:Infinity:381:13:383:Infinity":13,"s:375:6:383:Infinity":67,"b:376:7:376:Infinity:377:7:377:Infinity:378:7:378:Infinity":14,"s:380:7:380:Infinity":68,"s:382:7:382:Infinity":69,"s:385:18:385:Infinity":70,"b:386:6:386:Infinity:undefined:undefined:undefined:undefined":15,"s:386:6:386:Infinity":71,"s:386:29:386:Infinity":72,"s:387:6:387:Infinity":73,"s:392:32:392:Infinity":74,"s:396:26:396:Infinity":75,"s:398:5:412:Infinity":76,"s:399:22:399:Infinity":77,"b:400:6:400:Infinity:undefined:undefined:undefined:undefined":16,"s:400:6:400:Infinity":78,"s:400:20:400:Infinity":79,"s:406:27:408:Infinity":80,"b:409:6:411:Infinity:undefined:undefined:undefined:undefined":17,"s:409:6:411:Infinity":81,"s:410:7:410:Infinity":82,"b:414:5:416:Infinity:undefined:undefined:undefined:undefined":18,"s:414:5:416:Infinity":83,"s:415:6:415:Infinity":84,"s:420:24:428:Infinity":85,"f:420:38:420:39":9,"s:421:20:421:Infinity":86,"b:422:6:422:Infinity:undefined:undefined:undefined:undefined":19,"s:422:6:422:Infinity":87,"s:422:18:422:Infinity":88,"s:423:31:423:Infinity":89,"s:424:6:426:Infinity":90,"b:425:7:425:Infinity:426:7:426:Infinity":20,"s:429:52:431:Infinity":91,"b:430:8:430:Infinity:431:8:431:Infinity":21,"s:434:30:434:Infinity":92,"s:436:40:441:Infinity":93,"s:444:5:446:Infinity":94,"s:445:6:445:Infinity":95,"b:450:3:452:Infinity:undefined:undefined:undefined:undefined":22,"s:450:3:452:Infinity":96,"s:451:4:451:Infinity":97,"s:455:2:455:Infinity":98,"s:459:1:459:Infinity":99,"f:466:15:466:Infinity":10,"s:469:13:469:Infinity":100,"b:472:1:474:Infinity:undefined:undefined:undefined:undefined":23,"s:472:1:474:Infinity":101,"b:472:5:472:28:472:28:472:74":24,"s:473:2:473:Infinity":102,"b:473:9:473:54:473:54:473:Infinity":25,"s:477:1:484:Infinity":103,"s:478:2:478:Infinity":104,"s:479:2:479:Infinity":105,"s:480:2:480:Infinity":106,"b:480:9:480:54:480:54:480:Infinity":26,"s:482:2:482:Infinity":107,"s:483:2:483:Infinity":108}}}
,"C:\\Users\\sharo\\ghq\\github.com\\sharo-jef\\minecraft-wiki-mcp\\src\\utils\\warningGenerator.ts": {"path":"C:\\Users\\sharo\\ghq\\github.com\\sharo-jef\\minecraft-wiki-mcp\\src\\utils\\warningGenerator.ts","statementMap":{"0":{"start":{"line":13,"column":28},"end":{"line":13,"column":null}},"1":{"start":{"line":16,"column":1},"end":{"line":38,"column":null}},"2":{"start":{"line":18,"column":3},"end":{"line":20,"column":null}},"3":{"start":{"line":21,"column":2},"end":{"line":36,"column":null}},"4":{"start":{"line":37,"column":2},"end":{"line":37,"column":null}},"5":{"start":{"line":41,"column":1},"end":{"line":46,"column":null}},"6":{"start":{"line":42,"column":2},"end":{"line":45,"column":null}},"7":{"start":{"line":48,"column":20},"end":{"line":48,"column":null}},"8":{"start":{"line":51,"column":1},"end":{"line":60,"column":null}},"9":{"start":{"line":52,"column":2},"end":{"line":59,"column":null}},"10":{"start":{"line":63,"column":1},"end":{"line":68,"column":null}},"11":{"start":{"line":64,"column":2},"end":{"line":67,"column":null}},"12":{"start":{"line":71,"column":1},"end":{"line":75,"column":null}},"13":{"start":{"line":72,"column":2},"end":{"line":74,"column":null}},"14":{"start":{"line":78,"column":1},"end":{"line":82,"column":null}},"15":{"start":{"line":79,"column":2},"end":{"line":81,"column":null}},"16":{"start":{"line":84,"column":1},"end":{"line":84,"column":null}},"17":{"start":{"line":92,"column":1},"end":{"line":95,"column":null}},"18":{"start":{"line":94,"column":14},"end":{"line":94,"column":36}},"19":{"start":{"line":95,"column":17},"end":{"line":95,"column":33}}},"fnMap":{"0":{"name":"generateWarnings","decl":{"start":{"line":6,"column":16},"end":{"line":6,"column":null}},"loc":{"start":{"line":12,"column":12},"end":{"line":85,"column":null}},"line":12},"1":{"name":"parseVersion","decl":{"start":{"line":91,"column":9},"end":{"line":91,"column":22}},"loc":{"start":{"line":91,"column":49},"end":{"line":96,"column":null}},"line":91},"2":{"name":"(anonymous_2)","decl":{"start":{"line":94,"column":7},"end":{"line":94,"column":8}},"loc":{"start":{"line":94,"column":14},"end":{"line":94,"column":36}},"line":94},"3":{"name":"(anonymous_3)","decl":{"start":{"line":95,"column":10},"end":{"line":95,"column":11}},"loc":{"start":{"line":95,"column":17},"end":{"line":95,"column":33}},"line":95}},"branchMap":{"0":{"loc":{"start":{"line":16,"column":1},"end":{"line":38,"column":null}},"type":"if","locations":[{"start":{"line":16,"column":1},"end":{"line":38,"column":null}},{"start":{},"end":{}}],"line":16},"1":{"loc":{"start":{"line":16,"column":5},"end":{"line":16,"column":44}},"type":"binary-expr","locations":[{"start":{"line":16,"column":5},"end":{"line":16,"column":24}},{"start":{"line":16,"column":24},"end":{"line":16,"column":44}}],"line":16},"2":{"loc":{"start":{"line":18,"column":3},"end":{"line":20,"column":null}},"type":"cond-expr","locations":[{"start":{"line":19,"column":6},"end":{"line":19,"column":null}},{"start":{"line":20,"column":6},"end":{"line":20,"column":null}}],"line":18},"3":{"loc":{"start":{"line":24,"column":24},"end":{"line":24,"column":117}},"type":"cond-expr","locations":[{"start":{"line":24,"column":60},"end":{"line":24,"column":99}},{"start":{"line":24,"column":99},"end":{"line":24,"column":117}}],"line":24},"4":{"loc":{"start":{"line":41,"column":1},"end":{"line":46,"column":null}},"type":"if","locations":[{"start":{"line":41,"column":1},"end":{"line":46,"column":null}},{"start":{},"end":{}}],"line":41},"5":{"loc":{"start":{"line":41,"column":5},"end":{"line":41,"column":42}},"type":"binary-expr","locations":[{"start":{"line":41,"column":5},"end":{"line":41,"column":26}},{"start":{"line":41,"column":26},"end":{"line":41,"column":42}}],"line":41},"6":{"loc":{"start":{"line":51,"column":1},"end":{"line":60,"column":null}},"type":"if","locations":[{"start":{"line":51,"column":1},"end":{"line":60,"column":null}},{"start":{},"end":{}}],"line":51},"7":{"loc":{"start":{"line":63,"column":1},"end":{"line":68,"column":null}},"type":"if","locations":[{"start":{"line":63,"column":1},"end":{"line":68,"column":null}},{"start":{},"end":{}}],"line":63},"8":{"loc":{"start":{"line":63,"column":5},"end":{"line":63,"column":59}},"type":"binary-expr","locations":[{"start":{"line":63,"column":5},"end":{"line":63,"column":33}},{"start":{"line":63,"column":33},"end":{"line":63,"column":59}}],"line":63},"9":{"loc":{"start":{"line":71,"column":1},"end":{"line":75,"column":null}},"type":"if","locations":[{"start":{"line":71,"column":1},"end":{"line":75,"column":null}},{"start":{},"end":{}}],"line":71},"10":{"loc":{"start":{"line":78,"column":1},"end":{"line":82,"column":null}},"type":"if","locations":[{"start":{"line":78,"column":1},"end":{"line":82,"column":null}},{"start":{},"end":{}}],"line":78},"11":{"loc":{"start":{"line":78,"column":5},"end":{"line":78,"column":58}},"type":"binary-expr","locations":[{"start":{"line":78,"column":5},"end":{"line":78,"column":33}},{"start":{"line":78,"column":33},"end":{"line":78,"column":58}}],"line":78}},"s":{"0":47,"1":47,"2":9,"3":9,"4":9,"5":38,"6":1,"7":38,"8":38,"9":34,"10":38,"11":6,"12":38,"13":5,"14":38,"15":30,"16":38,"17":38,"18":83,"19":83},"f":{"0":47,"1":38,"2":83,"3":83},"b":{"0":[9,38],"1":[47,10],"2":[9,0],"3":[2,7],"4":[1,37],"5":[38,1],"6":[34,4],"7":[6,32],"8":[38,33],"9":[5,33],"10":[30,8],"11":[38,35]},"meta":{"lastBranch":12,"lastFunction":4,"lastStatement":20,"seen":{"f:6:16:6:Infinity":0,"s:13:28:13:Infinity":0,"b:16:1:38:Infinity:undefined:undefined:undefined:undefined":0,"s:16:1:38:Infinity":1,"b:16:5:16:24:16:24:16:44":1,"s:18:3:20:Infinity":2,"b:19:6:19:Infinity:20:6:20:Infinity":2,"s:21:2:36:Infinity":3,"b:24:60:24:99:24:99:24:117":3,"s:37:2:37:Infinity":4,"b:41:1:46:Infinity:undefined:undefined:undefined:undefined":4,"s:41:1:46:Infinity":5,"b:41:5:41:26:41:26:41:42":5,"s:42:2:45:Infinity":6,"s:48:20:48:Infinity":7,"b:51:1:60:Infinity:undefined:undefined:undefined:undefined":6,"s:51:1:60:Infinity":8,"s:52:2:59:Infinity":9,"b:63:1:68:Infinity:undefined:undefined:undefined:undefined":7,"s:63:1:68:Infinity":10,"b:63:5:63:33:63:33:63:59":8,"s:64:2:67:Infinity":11,"b:71:1:75:Infinity:undefined:undefined:undefined:undefined":9,"s:71:1:75:Infinity":12,"s:72:2:74:Infinity":13,"b:78:1:82:Infinity:undefined:undefined:undefined:undefined":10,"s:78:1:82:Infinity":14,"b:78:5:78:33:78:33:78:58":11,"s:79:2:81:Infinity":15,"s:84:1:84:Infinity":16,"f:91:9:91:22":1,"s:92:1:95:Infinity":17,"f:94:7:94:8":2,"s:94:14:94:36":18,"f:95:10:95:11":3,"s:95:17:95:33":19}}}
}
